#! /usr/local/iverilog/bin/vvp
:ivl_version "11.0 (devel)" "(s20150603-642-g3bdb50da)";
:ivl_delay_selection "TYPICAL";
:vpi_time_precision + 0;
:vpi_module "system";
:vpi_module "vhdl_sys";
:vpi_module "vhdl_textio";
:vpi_module "v2005_math";
:vpi_module "va_math";
S_00000000010f3260 .scope module, "testbench" "testbench" 2 1;
 .timescale 0 0;
v00000000011659e0_0 .net "alucontrol", 3 0, v00000000010aa690_0;  1 drivers
v0000000001166340_0 .net "alusrca", 0 0, L_0000000001169180;  1 drivers
v0000000001166f20_0 .net "alusrcb", 1 0, L_0000000001169e00;  1 drivers
v0000000001166700_0 .var "clk", 0 0;
v0000000001165c60_0 .var "funct", 5 0;
v00000000011653a0_0 .net "iord", 0 0, L_0000000001169c20;  1 drivers
v0000000001166a20_0 .net "irwrite", 0 0, L_00000000011697c0;  1 drivers
v0000000001165a80_0 .net "memtoreg", 0 0, L_0000000001169400;  1 drivers
v0000000001166d40_0 .net "memwrite", 0 0, L_0000000001168c80;  1 drivers
v0000000001165080_0 .var "op", 5 0;
v00000000011651c0_0 .net "pcen", 0 0, L_00000000010e80d0;  1 drivers
v0000000001168be0_0 .net "pcsrc", 1 0, L_0000000001169a40;  1 drivers
v00000000011699a0_0 .net "regdst", 0 0, L_0000000001168e60;  1 drivers
v00000000011688c0_0 .net "regwrite", 0 0, L_0000000001168960;  1 drivers
v0000000001169720_0 .var "reset", 0 0;
v00000000011690e0_0 .var "zero", 0 0;
S_0000000001103a90 .scope module, "ctlr" "controller" 2 12, 3 1 0, S_00000000010f3260;
 .timescale 0 0;
    .port_info 0 /INPUT 1 "clk";
    .port_info 1 /INPUT 1 "reset";
    .port_info 2 /INPUT 6 "op";
    .port_info 3 /INPUT 6 "funct";
    .port_info 4 /INPUT 1 "zero";
    .port_info 5 /OUTPUT 1 "pcen";
    .port_info 6 /OUTPUT 1 "memwrite";
    .port_info 7 /OUTPUT 1 "irwrite";
    .port_info 8 /OUTPUT 1 "regwrite";
    .port_info 9 /OUTPUT 1 "alusrca";
    .port_info 10 /OUTPUT 1 "iord";
    .port_info 11 /OUTPUT 1 "memtoreg";
    .port_info 12 /OUTPUT 1 "regdst";
    .port_info 13 /OUTPUT 2 "alusrcb";
    .port_info 14 /OUTPUT 2 "pcsrc";
    .port_info 15 /OUTPUT 4 "alucontrol";
L_00000000010e86f0 .functor AND 1, v00000000011690e0_0, L_0000000001168aa0, C4<1>, C4<1>;
L_00000000010e80d0 .functor OR 1, L_00000000010e86f0, L_0000000001169ea0, C4<0>, C4<0>;
v00000000011668e0_0 .net *"_s0", 0 0, L_00000000010e86f0;  1 drivers
v0000000001166ca0_0 .net "alucontrol", 3 0, v00000000010aa690_0;  alias, 1 drivers
v0000000001166840_0 .net "aluop", 1 0, L_00000000011683c0;  1 drivers
v0000000001165d00_0 .net "alusrca", 0 0, L_0000000001169180;  alias, 1 drivers
v0000000001166660_0 .net "alusrcb", 1 0, L_0000000001169e00;  alias, 1 drivers
v0000000001166ac0_0 .net "branch", 0 0, L_0000000001168aa0;  1 drivers
v00000000011663e0_0 .net "clk", 0 0, v0000000001166700_0;  1 drivers
v0000000001166980_0 .net "funct", 5 0, v0000000001165c60_0;  1 drivers
v0000000001165300_0 .net "iord", 0 0, L_0000000001169c20;  alias, 1 drivers
v0000000001166020_0 .net "irwrite", 0 0, L_00000000011697c0;  alias, 1 drivers
v00000000011658a0_0 .net "memtoreg", 0 0, L_0000000001169400;  alias, 1 drivers
v0000000001165760_0 .net "memwrite", 0 0, L_0000000001168c80;  alias, 1 drivers
v0000000001165ee0_0 .net "op", 5 0, v0000000001165080_0;  1 drivers
v0000000001166160_0 .net "pcen", 0 0, L_00000000010e80d0;  alias, 1 drivers
v0000000001165940_0 .net "pcsrc", 1 0, L_0000000001169a40;  alias, 1 drivers
v0000000001165f80_0 .net "pcwrite", 0 0, L_0000000001169ea0;  1 drivers
v0000000001165b20_0 .net "regdst", 0 0, L_0000000001168e60;  alias, 1 drivers
v00000000011665c0_0 .net "regwrite", 0 0, L_0000000001168960;  alias, 1 drivers
v0000000001166200_0 .net "reset", 0 0, v0000000001169720_0;  1 drivers
v0000000001166e80_0 .net "zero", 0 0, v00000000011690e0_0;  1 drivers
S_0000000001103c20 .scope module, "ad" "aludec" 3 16, 4 2 0, S_0000000001103a90;
 .timescale 0 0;
    .port_info 0 /INPUT 6 "funct";
    .port_info 1 /INPUT 2 "aluop";
    .port_info 2 /OUTPUT 4 "alucontrol";
v00000000010aa690_0 .var "alucontrol", 3 0;
v00000000010aaa50_0 .net "aluop", 1 0, L_00000000011683c0;  alias, 1 drivers
v00000000010aab90_0 .net "funct", 5 0, v0000000001165c60_0;  alias, 1 drivers
E_00000000010ed0b0 .event edge, v00000000010aaa50_0, v00000000010aab90_0;
S_00000000010f68f0 .scope module, "md" "maindec" 3 12, 5 2 0, S_0000000001103a90;
 .timescale 0 0;
    .port_info 0 /INPUT 1 "clk";
    .port_info 1 /INPUT 1 "reset";
    .port_info 2 /INPUT 6 "op";
    .port_info 3 /OUTPUT 1 "pcwrite";
    .port_info 4 /OUTPUT 1 "memwrite";
    .port_info 5 /OUTPUT 1 "irwrite";
    .port_info 6 /OUTPUT 1 "regwrite";
    .port_info 7 /OUTPUT 1 "alusrca";
    .port_info 8 /OUTPUT 1 "branch";
    .port_info 9 /OUTPUT 1 "iord";
    .port_info 10 /OUTPUT 1 "memtoreg";
    .port_info 11 /OUTPUT 1 "regdst";
    .port_info 12 /OUTPUT 2 "alusrcb";
    .port_info 13 /OUTPUT 2 "pcsrc";
    .port_info 14 /OUTPUT 2 "aluop";
P_00000000010fb4c0 .param/l "ADDI" 0 5 26, C4<001000>;
P_00000000010fb4f8 .param/l "ADDIEX" 0 5 18, C4<1001>;
P_00000000010fb530 .param/l "ADDIWB" 0 5 19, C4<1010>;
P_00000000010fb568 .param/l "BEQ" 0 5 25, C4<000100>;
P_00000000010fb5a0 .param/l "BEQEX" 0 5 17, C4<1000>;
P_00000000010fb5d8 .param/l "DECODE" 0 5 10, C4<0001>;
P_00000000010fb610 .param/l "FETCH" 0 5 9, C4<0000>;
P_00000000010fb648 .param/l "J" 0 5 27, C4<000010>;
P_00000000010fb680 .param/l "JEX" 0 5 20, C4<1011>;
P_00000000010fb6b8 .param/l "LW" 0 5 22, C4<100011>;
P_00000000010fb6f0 .param/l "MEMADR" 0 5 11, C4<0010>;
P_00000000010fb728 .param/l "MEMRD" 0 5 12, C4<0011>;
P_00000000010fb760 .param/l "MEMWB" 0 5 13, C4<0100>;
P_00000000010fb798 .param/l "MEMWR" 0 5 14, C4<0101>;
P_00000000010fb7d0 .param/l "RTYPE" 0 5 24, C4<000000>;
P_00000000010fb808 .param/l "RTYPEEX" 0 5 15, C4<0110>;
P_00000000010fb840 .param/l "RTYPEWB" 0 5 16, C4<0111>;
P_00000000010fb878 .param/l "SW" 0 5 23, C4<101011>;
v0000000001165260_0 .net *"_s14", 14 0, v00000000011667a0_0;  1 drivers
v0000000001166b60_0 .net "aluop", 1 0, L_00000000011683c0;  alias, 1 drivers
v0000000001165120_0 .net "alusrca", 0 0, L_0000000001169180;  alias, 1 drivers
v0000000001165440_0 .net "alusrcb", 1 0, L_0000000001169e00;  alias, 1 drivers
v0000000001166480_0 .net "branch", 0 0, L_0000000001168aa0;  alias, 1 drivers
v00000000011654e0_0 .net "clk", 0 0, v0000000001166700_0;  alias, 1 drivers
v00000000011667a0_0 .var "controls", 14 0;
v0000000001165580_0 .net "iord", 0 0, L_0000000001169c20;  alias, 1 drivers
v00000000011656c0_0 .net "irwrite", 0 0, L_00000000011697c0;  alias, 1 drivers
v0000000001165800_0 .net "memtoreg", 0 0, L_0000000001169400;  alias, 1 drivers
v0000000001165bc0_0 .net "memwrite", 0 0, L_0000000001168c80;  alias, 1 drivers
v0000000001166de0_0 .var "nextstate", 3 0;
v0000000001166520_0 .net "op", 5 0, v0000000001165080_0;  alias, 1 drivers
v00000000011662a0_0 .net "pcsrc", 1 0, L_0000000001169a40;  alias, 1 drivers
v0000000001165620_0 .net "pcwrite", 0 0, L_0000000001169ea0;  alias, 1 drivers
v0000000001166c00_0 .net "regdst", 0 0, L_0000000001168e60;  alias, 1 drivers
v0000000001165e40_0 .net "regwrite", 0 0, L_0000000001168960;  alias, 1 drivers
v0000000001165da0_0 .net "reset", 0 0, v0000000001169720_0;  alias, 1 drivers
v00000000011660c0_0 .var "state", 3 0;
E_00000000010ed2f0 .event edge, v00000000011660c0_0;
E_00000000010ed330 .event edge, v00000000011660c0_0, v0000000001166520_0;
E_00000000010ed470 .event posedge, v0000000001165da0_0, v00000000011654e0_0;
L_0000000001169ea0 .part v00000000011667a0_0, 14, 1;
L_0000000001168c80 .part v00000000011667a0_0, 13, 1;
L_00000000011697c0 .part v00000000011667a0_0, 12, 1;
L_0000000001168960 .part v00000000011667a0_0, 11, 1;
L_0000000001169180 .part v00000000011667a0_0, 10, 1;
L_0000000001168aa0 .part v00000000011667a0_0, 9, 1;
L_0000000001169c20 .part v00000000011667a0_0, 8, 1;
L_0000000001169400 .part v00000000011667a0_0, 7, 1;
L_0000000001168e60 .part v00000000011667a0_0, 6, 1;
L_0000000001169e00 .part v00000000011667a0_0, 4, 2;
L_0000000001169a40 .part v00000000011667a0_0, 2, 2;
L_00000000011683c0 .part v00000000011667a0_0, 0, 2;
    .scope S_00000000010f68f0;
T_0 ;
    %wait E_00000000010ed470;
    %load/vec4 v0000000001165da0_0;
    %flag_set/vec4 8;
    %jmp/0xz  T_0.0, 8;
    %pushi/vec4 0, 0, 4;
    %assign/vec4 v00000000011660c0_0, 0;
    %jmp T_0.1;
T_0.0 ;
    %load/vec4 v0000000001166de0_0;
    %assign/vec4 v00000000011660c0_0, 0;
T_0.1 ;
    %jmp T_0;
    .thread T_0;
    .scope S_00000000010f68f0;
T_1 ;
    %wait E_00000000010ed330;
    %load/vec4 v00000000011660c0_0;
    %dup/vec4;
    %pushi/vec4 0, 0, 4;
    %cmp/u;
    %jmp/1 T_1.0, 6;
    %dup/vec4;
    %pushi/vec4 1, 0, 4;
    %cmp/u;
    %jmp/1 T_1.1, 6;
    %dup/vec4;
    %pushi/vec4 2, 0, 4;
    %cmp/u;
    %jmp/1 T_1.2, 6;
    %dup/vec4;
    %pushi/vec4 3, 0, 4;
    %cmp/u;
    %jmp/1 T_1.3, 6;
    %dup/vec4;
    %pushi/vec4 4, 0, 4;
    %cmp/u;
    %jmp/1 T_1.4, 6;
    %dup/vec4;
    %pushi/vec4 5, 0, 4;
    %cmp/u;
    %jmp/1 T_1.5, 6;
    %dup/vec4;
    %pushi/vec4 6, 0, 4;
    %cmp/u;
    %jmp/1 T_1.6, 6;
    %dup/vec4;
    %pushi/vec4 7, 0, 4;
    %cmp/u;
    %jmp/1 T_1.7, 6;
    %dup/vec4;
    %pushi/vec4 8, 0, 4;
    %cmp/u;
    %jmp/1 T_1.8, 6;
    %dup/vec4;
    %pushi/vec4 9, 0, 4;
    %cmp/u;
    %jmp/1 T_1.9, 6;
    %dup/vec4;
    %pushi/vec4 10, 0, 4;
    %cmp/u;
    %jmp/1 T_1.10, 6;
    %dup/vec4;
    %pushi/vec4 11, 0, 4;
    %cmp/u;
    %jmp/1 T_1.11, 6;
    %pushi/vec4 15, 15, 4;
    %assign/vec4 v0000000001166de0_0, 0;
    %jmp T_1.13;
T_1.0 ;
    %pushi/vec4 1, 0, 4;
    %assign/vec4 v0000000001166de0_0, 0;
    %jmp T_1.13;
T_1.1 ;
    %load/vec4 v0000000001166520_0;
    %dup/vec4;
    %pushi/vec4 35, 0, 6;
    %cmp/u;
    %jmp/1 T_1.14, 6;
    %dup/vec4;
    %pushi/vec4 43, 0, 6;
    %cmp/u;
    %jmp/1 T_1.15, 6;
    %dup/vec4;
    %pushi/vec4 0, 0, 6;
    %cmp/u;
    %jmp/1 T_1.16, 6;
    %dup/vec4;
    %pushi/vec4 4, 0, 6;
    %cmp/u;
    %jmp/1 T_1.17, 6;
    %dup/vec4;
    %pushi/vec4 8, 0, 6;
    %cmp/u;
    %jmp/1 T_1.18, 6;
    %dup/vec4;
    %pushi/vec4 2, 0, 6;
    %cmp/u;
    %jmp/1 T_1.19, 6;
    %pushi/vec4 15, 15, 4;
    %assign/vec4 v0000000001166de0_0, 0;
    %jmp T_1.21;
T_1.14 ;
    %pushi/vec4 2, 0, 4;
    %assign/vec4 v0000000001166de0_0, 0;
    %jmp T_1.21;
T_1.15 ;
    %pushi/vec4 2, 0, 4;
    %assign/vec4 v0000000001166de0_0, 0;
    %jmp T_1.21;
T_1.16 ;
    %pushi/vec4 6, 0, 4;
    %assign/vec4 v0000000001166de0_0, 0;
    %jmp T_1.21;
T_1.17 ;
    %pushi/vec4 8, 0, 4;
    %assign/vec4 v0000000001166de0_0, 0;
    %jmp T_1.21;
T_1.18 ;
    %pushi/vec4 9, 0, 4;
    %assign/vec4 v0000000001166de0_0, 0;
    %jmp T_1.21;
T_1.19 ;
    %pushi/vec4 11, 0, 4;
    %assign/vec4 v0000000001166de0_0, 0;
    %jmp T_1.21;
T_1.21 ;
    %pop/vec4 1;
    %jmp T_1.13;
T_1.2 ;
    %load/vec4 v0000000001166520_0;
    %dup/vec4;
    %pushi/vec4 35, 0, 6;
    %cmp/u;
    %jmp/1 T_1.22, 6;
    %dup/vec4;
    %pushi/vec4 43, 0, 6;
    %cmp/u;
    %jmp/1 T_1.23, 6;
    %pushi/vec4 15, 15, 4;
    %assign/vec4 v0000000001166de0_0, 0;
    %jmp T_1.25;
T_1.22 ;
    %pushi/vec4 3, 0, 4;
    %assign/vec4 v0000000001166de0_0, 0;
    %jmp T_1.25;
T_1.23 ;
    %pushi/vec4 5, 0, 4;
    %assign/vec4 v0000000001166de0_0, 0;
    %jmp T_1.25;
T_1.25 ;
    %pop/vec4 1;
    %jmp T_1.13;
T_1.3 ;
    %pushi/vec4 4, 0, 4;
    %assign/vec4 v0000000001166de0_0, 0;
    %jmp T_1.13;
T_1.4 ;
    %pushi/vec4 0, 0, 4;
    %assign/vec4 v0000000001166de0_0, 0;
    %jmp T_1.13;
T_1.5 ;
    %pushi/vec4 0, 0, 4;
    %assign/vec4 v0000000001166de0_0, 0;
    %jmp T_1.13;
T_1.6 ;
    %pushi/vec4 7, 0, 4;
    %assign/vec4 v0000000001166de0_0, 0;
    %jmp T_1.13;
T_1.7 ;
    %pushi/vec4 0, 0, 4;
    %assign/vec4 v0000000001166de0_0, 0;
    %jmp T_1.13;
T_1.8 ;
    %pushi/vec4 0, 0, 4;
    %assign/vec4 v0000000001166de0_0, 0;
    %jmp T_1.13;
T_1.9 ;
    %pushi/vec4 10, 0, 4;
    %assign/vec4 v0000000001166de0_0, 0;
    %jmp T_1.13;
T_1.10 ;
    %pushi/vec4 0, 0, 4;
    %assign/vec4 v0000000001166de0_0, 0;
    %jmp T_1.13;
T_1.11 ;
    %pushi/vec4 0, 0, 4;
    %assign/vec4 v0000000001166de0_0, 0;
    %jmp T_1.13;
T_1.13 ;
    %pop/vec4 1;
    %jmp T_1;
    .thread T_1, $push;
    .scope S_00000000010f68f0;
T_2 ;
    %wait E_00000000010ed2f0;
    %load/vec4 v00000000011660c0_0;
    %dup/vec4;
    %pushi/vec4 0, 0, 4;
    %cmp/u;
    %jmp/1 T_2.0, 6;
    %dup/vec4;
    %pushi/vec4 1, 0, 4;
    %cmp/u;
    %jmp/1 T_2.1, 6;
    %dup/vec4;
    %pushi/vec4 2, 0, 4;
    %cmp/u;
    %jmp/1 T_2.2, 6;
    %dup/vec4;
    %pushi/vec4 3, 0, 4;
    %cmp/u;
    %jmp/1 T_2.3, 6;
    %dup/vec4;
    %pushi/vec4 4, 0, 4;
    %cmp/u;
    %jmp/1 T_2.4, 6;
    %dup/vec4;
    %pushi/vec4 5, 0, 4;
    %cmp/u;
    %jmp/1 T_2.5, 6;
    %dup/vec4;
    %pushi/vec4 6, 0, 4;
    %cmp/u;
    %jmp/1 T_2.6, 6;
    %dup/vec4;
    %pushi/vec4 7, 0, 4;
    %cmp/u;
    %jmp/1 T_2.7, 6;
    %dup/vec4;
    %pushi/vec4 8, 0, 4;
    %cmp/u;
    %jmp/1 T_2.8, 6;
    %dup/vec4;
    %pushi/vec4 9, 0, 4;
    %cmp/u;
    %jmp/1 T_2.9, 6;
    %dup/vec4;
    %pushi/vec4 10, 0, 4;
    %cmp/u;
    %jmp/1 T_2.10, 6;
    %dup/vec4;
    %pushi/vec4 11, 0, 4;
    %cmp/u;
    %jmp/1 T_2.11, 6;
    %pushi/vec4 32767, 32767, 15;
    %assign/vec4 v00000000011667a0_0, 0;
    %jmp T_2.13;
T_2.0 ;
    %pushi/vec4 20496, 0, 15;
    %assign/vec4 v00000000011667a0_0, 0;
    %jmp T_2.13;
T_2.1 ;
    %pushi/vec4 48, 0, 15;
    %assign/vec4 v00000000011667a0_0, 0;
    %jmp T_2.13;
T_2.2 ;
    %pushi/vec4 1056, 0, 15;
    %assign/vec4 v00000000011667a0_0, 0;
    %jmp T_2.13;
T_2.3 ;
    %pushi/vec4 256, 0, 15;
    %assign/vec4 v00000000011667a0_0, 0;
    %jmp T_2.13;
T_2.4 ;
    %pushi/vec4 2176, 0, 15;
    %assign/vec4 v00000000011667a0_0, 0;
    %jmp T_2.13;
T_2.5 ;
    %pushi/vec4 8448, 0, 15;
    %assign/vec4 v00000000011667a0_0, 0;
    %jmp T_2.13;
T_2.6 ;
    %pushi/vec4 1026, 0, 15;
    %assign/vec4 v00000000011667a0_0, 0;
    %jmp T_2.13;
T_2.7 ;
    %pushi/vec4 2112, 0, 15;
    %assign/vec4 v00000000011667a0_0, 0;
    %jmp T_2.13;
T_2.8 ;
    %pushi/vec4 1540, 0, 15;
    %assign/vec4 v00000000011667a0_0, 0;
    %jmp T_2.13;
T_2.9 ;
    %pushi/vec4 1056, 0, 15;
    %assign/vec4 v00000000011667a0_0, 0;
    %jmp T_2.13;
T_2.10 ;
    %pushi/vec4 2048, 0, 15;
    %assign/vec4 v00000000011667a0_0, 0;
    %jmp T_2.13;
T_2.11 ;
    %pushi/vec4 16392, 0, 15;
    %assign/vec4 v00000000011667a0_0, 0;
    %jmp T_2.13;
T_2.13 ;
    %pop/vec4 1;
    %jmp T_2;
    .thread T_2, $push;
    .scope S_0000000001103c20;
T_3 ;
    %wait E_00000000010ed0b0;
    %load/vec4 v00000000010aaa50_0;
    %dup/vec4;
    %pushi/vec4 0, 0, 2;
    %cmp/u;
    %jmp/1 T_3.0, 6;
    %dup/vec4;
    %pushi/vec4 1, 0, 2;
    %cmp/u;
    %jmp/1 T_3.1, 6;
    %dup/vec4;
    %pushi/vec4 3, 0, 2;
    %cmp/u;
    %jmp/1 T_3.2, 6;
    %load/vec4 v00000000010aab90_0;
    %dup/vec4;
    %pushi/vec4 32, 0, 6;
    %cmp/u;
    %jmp/1 T_3.5, 6;
    %dup/vec4;
    %pushi/vec4 34, 0, 6;
    %cmp/u;
    %jmp/1 T_3.6, 6;
    %dup/vec4;
    %pushi/vec4 36, 0, 6;
    %cmp/u;
    %jmp/1 T_3.7, 6;
    %dup/vec4;
    %pushi/vec4 37, 0, 6;
    %cmp/u;
    %jmp/1 T_3.8, 6;
    %dup/vec4;
    %pushi/vec4 38, 0, 6;
    %cmp/u;
    %jmp/1 T_3.9, 6;
    %dup/vec4;
    %pushi/vec4 39, 0, 6;
    %cmp/u;
    %jmp/1 T_3.10, 6;
    %dup/vec4;
    %pushi/vec4 42, 0, 6;
    %cmp/u;
    %jmp/1 T_3.11, 6;
    %pushi/vec4 15, 15, 4;
    %assign/vec4 v00000000010aa690_0, 0;
    %jmp T_3.13;
T_3.5 ;
    %pushi/vec4 0, 0, 4;
    %assign/vec4 v00000000010aa690_0, 0;
    %jmp T_3.13;
T_3.6 ;
    %pushi/vec4 2, 0, 4;
    %assign/vec4 v00000000010aa690_0, 0;
    %jmp T_3.13;
T_3.7 ;
    %pushi/vec4 4, 0, 4;
    %assign/vec4 v00000000010aa690_0, 0;
    %jmp T_3.13;
T_3.8 ;
    %pushi/vec4 5, 0, 4;
    %assign/vec4 v00000000010aa690_0, 0;
    %jmp T_3.13;
T_3.9 ;
    %pushi/vec4 6, 0, 4;
    %assign/vec4 v00000000010aa690_0, 0;
    %jmp T_3.13;
T_3.10 ;
    %pushi/vec4 7, 0, 4;
    %assign/vec4 v00000000010aa690_0, 0;
    %jmp T_3.13;
T_3.11 ;
    %pushi/vec4 10, 0, 4;
    %assign/vec4 v00000000010aa690_0, 0;
    %jmp T_3.13;
T_3.13 ;
    %pop/vec4 1;
    %jmp T_3.4;
T_3.0 ;
    %pushi/vec4 0, 0, 4;
    %assign/vec4 v00000000010aa690_0, 0;
    %jmp T_3.4;
T_3.1 ;
    %pushi/vec4 2, 0, 4;
    %assign/vec4 v00000000010aa690_0, 0;
    %jmp T_3.4;
T_3.2 ;
    %pushi/vec4 5, 0, 4;
    %assign/vec4 v00000000010aa690_0, 0;
    %jmp T_3.4;
T_3.4 ;
    %pop/vec4 1;
    %jmp T_3;
    .thread T_3, $push;
    .scope S_00000000010f3260;
T_4 ;
    %vpi_call 2 17 "$monitor", "Clk: %h, reset: %h, op: %h, funct: %h, zero: %h, pcen: %h, memwrite: %h, irwrite: %h, regwrite: %h, alusrca: %h, iord: %h, memtoreg: %h, regdst: %h, alusrcb: %h, pcsrc: %h, alucontrol %h", v0000000001166700_0, v0000000001169720_0, v0000000001165080_0, v0000000001165c60_0, v00000000011690e0_0, v00000000011651c0_0, v0000000001166d40_0, v0000000001166a20_0, v00000000011688c0_0, v0000000001166340_0, v00000000011653a0_0, v0000000001165a80_0, v00000000011699a0_0, v0000000001166f20_0, v0000000001168be0_0, v00000000011659e0_0 {0 0 0};
    %delay 5, 0;
    %load/vec4 v0000000001166700_0;
    %inv;
    %store/vec4 v0000000001166700_0, 0, 1;
    %jmp T_4;
    .thread T_4;
    .scope S_00000000010f3260;
T_5 ;
    %vpi_call 2 25 "$dumpfile", "prueba.vcd" {0 0 0};
    %vpi_call 2 26 "$dumpvars" {0 0 0};
    %pushi/vec4 1, 0, 1;
    %assign/vec4 v0000000001166700_0, 0;
    %pushi/vec4 1, 0, 1;
    %assign/vec4 v0000000001169720_0, 0;
    %delay 5, 0;
    %pushi/vec4 0, 0, 1;
    %assign/vec4 v0000000001169720_0, 0;
    %delay 10, 0;
    %pushi/vec4 0, 0, 6;
    %store/vec4 v0000000001165080_0, 0, 6;
    %pushi/vec4 32, 0, 6;
    %store/vec4 v0000000001165c60_0, 0, 6;
    %pushi/vec4 0, 0, 1;
    %store/vec4 v00000000011690e0_0, 0, 1;
    %delay 10, 0;
    %vpi_call 2 32 "$stop" {0 0 0};
    %end;
    .thread T_5;
# The file index is used to find the file name in the following table.
:file_names 6;
    "N/A";
    "<interactive>";
    "controlertext_tb_copia.v";
    "controler.v";
    "aludec.v";
    "maindec.v";
