#! /usr/bin/vvp
:ivl_version "10.1 (stable)";
:ivl_delay_selection "TYPICAL";
:vpi_time_precision + 0;
:vpi_module "system";
:vpi_module "vhdl_sys";
:vpi_module "v2005_math";
:vpi_module "va_math";
S_0x5635b2af4290 .scope module, "flopenr" "flopenr" 2 2;
 .timescale 0 0;
    .port_info 0 /INPUT 1 "clk"
    .port_info 1 /INPUT 1 "reset"
    .port_info 2 /INPUT 1 "en"
    .port_info 3 /INPUT 8 "d"
    .port_info 4 /OUTPUT 8 "q"
P_0x5635b2aca9b0 .param/l "WIDTH" 0 2 2, +C4<00000000000000000000000000001000>;
o0x7ff24e2ec018 .functor BUFZ 1, C4<z>; HiZ drive
v0x5635b2af4a50_0 .net "clk", 0 0, o0x7ff24e2ec018;  0 drivers
o0x7ff24e2ec048 .functor BUFZ 8, C4<zzzzzzzz>; HiZ drive
v0x5635b2af95e0_0 .net "d", 7 0, o0x7ff24e2ec048;  0 drivers
o0x7ff24e2ec078 .functor BUFZ 1, C4<z>; HiZ drive
v0x5635b2afd600_0 .net "en", 0 0, o0x7ff24e2ec078;  0 drivers
v0x5635b2b18b50_0 .var "q", 7 0;
o0x7ff24e2ec0d8 .functor BUFZ 1, C4<z>; HiZ drive
v0x5635b2b18c30_0 .net "reset", 0 0, o0x7ff24e2ec0d8;  0 drivers
E_0x5635b2aa5a80 .event posedge, v0x5635b2b18c30_0, v0x5635b2af4a50_0;
S_0x5635b2af1f50 .scope module, "testbench" "testbench" 3 1;
 .timescale 0 0;
v0x5635b2b26870_0 .var "clk", 0 0;
v0x5635b2b26930_0 .net "dataadr", 31 0, v0x5635b2b1d600_0;  1 drivers
v0x5635b2b269f0_0 .net "memwrite", 0 0, L_0x5635b2b26f70;  1 drivers
v0x5635b2b26a90_0 .var "reset", 0 0;
v0x5635b2b26bc0_0 .net "writedata", 31 0, L_0x5635b2b38a50;  1 drivers
E_0x5635b2a67a80 .event negedge, v0x5635b2b19500_0;
S_0x5635b2b18dd0 .scope module, "dut" "top" 3 10, 4 2 0, S_0x5635b2af1f50;
 .timescale 0 0;
    .port_info 0 /INPUT 1 "clk"
    .port_info 1 /INPUT 1 "reset"
    .port_info 2 /OUTPUT 32 "writedata"
    .port_info 3 /OUTPUT 32 "dataadr"
    .port_info 4 /OUTPUT 1 "memwrite"
v0x5635b2b26080_0 .net "clk", 0 0, v0x5635b2b26870_0;  1 drivers
v0x5635b2b26140_0 .net "dataadr", 31 0, v0x5635b2b1d600_0;  alias, 1 drivers
v0x5635b2b26200_0 .net "instr", 31 0, L_0x5635b2b27780;  1 drivers
v0x5635b2b262a0_0 .net "memwrite", 0 0, L_0x5635b2b26f70;  alias, 1 drivers
v0x5635b2b263d0_0 .net "pc", 31 0, v0x5635b2b1fea0_0;  1 drivers
v0x5635b2b26520_0 .net "readdata", 31 0, L_0x5635b2b398f0;  1 drivers
v0x5635b2b26670_0 .net "reset", 0 0, v0x5635b2b26a90_0;  1 drivers
v0x5635b2b26710_0 .net "writedata", 31 0, L_0x5635b2b38a50;  alias, 1 drivers
L_0x5635b2b39560 .part v0x5635b2b1fea0_0, 2, 6;
S_0x5635b2b18f70 .scope module, "dmem" "dataMemory" 4 11, 5 2 0, S_0x5635b2b18dd0;
 .timescale 0 0;
    .port_info 0 /INPUT 1 "clk"
    .port_info 1 /INPUT 1 "we"
    .port_info 2 /INPUT 32 "a"
    .port_info 3 /INPUT 32 "wd"
    .port_info 4 /OUTPUT 32 "rd"
L_0x5635b2b398f0 .functor BUFZ 32, L_0x5635b2b39650, C4<00000000000000000000000000000000>, C4<00000000000000000000000000000000>, C4<00000000000000000000000000000000>;
v0x5635b2b191a0 .array "RAM", 0 63, 31 0;
v0x5635b2b19280_0 .net *"_s0", 31 0, L_0x5635b2b39650;  1 drivers
v0x5635b2b19360_0 .net *"_s3", 29 0, L_0x5635b2b396f0;  1 drivers
v0x5635b2b19420_0 .net "a", 31 0, v0x5635b2b1d600_0;  alias, 1 drivers
v0x5635b2b19500_0 .net "clk", 0 0, v0x5635b2b26870_0;  alias, 1 drivers
v0x5635b2b19610_0 .net "rd", 31 0, L_0x5635b2b398f0;  alias, 1 drivers
v0x5635b2b196f0_0 .net "wd", 31 0, L_0x5635b2b38a50;  alias, 1 drivers
v0x5635b2b197d0_0 .net "we", 0 0, L_0x5635b2b26f70;  alias, 1 drivers
E_0x5635b2a67d10 .event posedge, v0x5635b2b19500_0;
L_0x5635b2b39650 .array/port v0x5635b2b191a0, L_0x5635b2b396f0;
L_0x5635b2b396f0 .part v0x5635b2b1d600_0, 2, 30;
S_0x5635b2b19930 .scope module, "imem" "instructionMemory" 4 10, 6 2 0, S_0x5635b2b18dd0;
 .timescale 0 0;
    .port_info 0 /INPUT 6 "a"
    .port_info 1 /OUTPUT 32 "rd"
L_0x5635b2b27780 .functor BUFZ 32, L_0x5635b2b39470, C4<00000000000000000000000000000000>, C4<00000000000000000000000000000000>, C4<00000000000000000000000000000000>;
v0x5635b2b19b20 .array "RAM", 17 0, 31 0;
v0x5635b2b19c00_0 .net *"_s0", 31 0, L_0x5635b2b39470;  1 drivers
v0x5635b2b19ce0_0 .net "a", 5 0, L_0x5635b2b39560;  1 drivers
v0x5635b2b19da0_0 .net "rd", 31 0, L_0x5635b2b27780;  alias, 1 drivers
L_0x5635b2b39470 .array/port v0x5635b2b19b20, L_0x5635b2b39560;
S_0x5635b2b19ee0 .scope module, "mips" "mips" 4 9, 7 2 0, S_0x5635b2b18dd0;
 .timescale 0 0;
    .port_info 0 /INPUT 1 "clk"
    .port_info 1 /INPUT 1 "reset"
    .port_info 2 /OUTPUT 32 "pc"
    .port_info 3 /INPUT 32 "instr"
    .port_info 4 /OUTPUT 1 "memwrite"
    .port_info 5 /OUTPUT 32 "aluout"
    .port_info 6 /OUTPUT 32 "writedata"
    .port_info 7 /INPUT 32 "readdata"
v0x5635b2b25040_0 .net "alucontrol", 3 0, v0x5635b2b1a580_0;  1 drivers
v0x5635b2b25120_0 .net "aluout", 31 0, v0x5635b2b1d600_0;  alias, 1 drivers
v0x5635b2b25270_0 .net "alusrc", 0 0, L_0x5635b2b26da0;  1 drivers
v0x5635b2b25310_0 .net "clk", 0 0, v0x5635b2b26870_0;  alias, 1 drivers
v0x5635b2b25440_0 .net "instr", 31 0, L_0x5635b2b27780;  alias, 1 drivers
v0x5635b2b254e0_0 .net "jump", 0 0, L_0x5635b2b270f0;  1 drivers
v0x5635b2b25610_0 .net "memtoreg", 0 0, L_0x5635b2b27010;  1 drivers
v0x5635b2b25740_0 .net "memwrite", 0 0, L_0x5635b2b26f70;  alias, 1 drivers
v0x5635b2b257e0_0 .net "pc", 31 0, v0x5635b2b1fea0_0;  alias, 1 drivers
v0x5635b2b25930_0 .net "pcsrc", 0 0, L_0x5635b2b273b0;  1 drivers
v0x5635b2b259d0_0 .net "readdata", 31 0, L_0x5635b2b398f0;  alias, 1 drivers
v0x5635b2b25a90_0 .net "regdst", 0 0, L_0x5635b2b26d00;  1 drivers
v0x5635b2b25bc0_0 .net "regwrite", 0 0, L_0x5635b2b26c60;  1 drivers
v0x5635b2b25cf0_0 .net "reset", 0 0, v0x5635b2b26a90_0;  alias, 1 drivers
v0x5635b2b25d90_0 .net "writedata", 31 0, L_0x5635b2b38a50;  alias, 1 drivers
v0x5635b2b25ee0_0 .net "zero", 0 0, v0x5635b2b1d6a0_0;  1 drivers
L_0x5635b2b274f0 .part L_0x5635b2b27780, 26, 6;
L_0x5635b2b27640 .part L_0x5635b2b27780, 0, 6;
S_0x5635b2b1a130 .scope module, "c" "controller" 7 14, 8 2 0, S_0x5635b2b19ee0;
 .timescale 0 0;
    .port_info 0 /INPUT 6 "op"
    .port_info 1 /INPUT 6 "funct"
    .port_info 2 /INPUT 1 "zero"
    .port_info 3 /OUTPUT 1 "memtoreg"
    .port_info 4 /OUTPUT 1 "memwrite"
    .port_info 5 /OUTPUT 1 "pcsrc"
    .port_info 6 /OUTPUT 1 "alusrc"
    .port_info 7 /OUTPUT 1 "regdst"
    .port_info 8 /OUTPUT 1 "regwrite"
    .port_info 9 /OUTPUT 1 "jump"
    .port_info 10 /OUTPUT 4 "alucontrol"
L_0x5635b2b273b0 .functor AND 1, L_0x5635b2b26e40, v0x5635b2b1d6a0_0, C4<1>, C4<1>;
v0x5635b2b1b600_0 .net "alucontrol", 3 0, v0x5635b2b1a580_0;  alias, 1 drivers
v0x5635b2b1b710_0 .net "aluop", 1 0, L_0x5635b2b27190;  1 drivers
v0x5635b2b1b7b0_0 .net "alusrc", 0 0, L_0x5635b2b26da0;  alias, 1 drivers
v0x5635b2b1b880_0 .net "branch", 0 0, L_0x5635b2b26e40;  1 drivers
v0x5635b2b1b950_0 .net "funct", 5 0, L_0x5635b2b27640;  1 drivers
v0x5635b2b1ba40_0 .net "jump", 0 0, L_0x5635b2b270f0;  alias, 1 drivers
v0x5635b2b1bb10_0 .net "memtoreg", 0 0, L_0x5635b2b27010;  alias, 1 drivers
v0x5635b2b1bbe0_0 .net "memwrite", 0 0, L_0x5635b2b26f70;  alias, 1 drivers
v0x5635b2b1bcd0_0 .net "op", 5 0, L_0x5635b2b274f0;  1 drivers
v0x5635b2b1be00_0 .net "pcsrc", 0 0, L_0x5635b2b273b0;  alias, 1 drivers
v0x5635b2b1bea0_0 .net "regdst", 0 0, L_0x5635b2b26d00;  alias, 1 drivers
v0x5635b2b1bf70_0 .net "regwrite", 0 0, L_0x5635b2b26c60;  alias, 1 drivers
v0x5635b2b1c040_0 .net "zero", 0 0, v0x5635b2b1d6a0_0;  alias, 1 drivers
S_0x5635b2b1a300 .scope module, "ad" "aludec" 8 16, 9 1 0, S_0x5635b2b1a130;
 .timescale 0 0;
    .port_info 0 /INPUT 6 "funct"
    .port_info 1 /INPUT 2 "aluop"
    .port_info 2 /OUTPUT 4 "alucontrol"
v0x5635b2b1a580_0 .var "alucontrol", 3 0;
v0x5635b2b1a680_0 .net "aluop", 1 0, L_0x5635b2b27190;  alias, 1 drivers
v0x5635b2b1a760_0 .net "funct", 5 0, L_0x5635b2b27640;  alias, 1 drivers
E_0x5635b2aff850 .event edge, v0x5635b2b1a680_0, v0x5635b2b1a760_0;
S_0x5635b2b1a8d0 .scope module, "md" "maindec" 8 13, 10 2 0, S_0x5635b2b1a130;
 .timescale 0 0;
    .port_info 0 /INPUT 6 "op"
    .port_info 1 /OUTPUT 1 "memtoreg"
    .port_info 2 /OUTPUT 1 "memwrite"
    .port_info 3 /OUTPUT 1 "branch"
    .port_info 4 /OUTPUT 1 "alusrc"
    .port_info 5 /OUTPUT 1 "regdst"
    .port_info 6 /OUTPUT 1 "regwrite"
    .port_info 7 /OUTPUT 1 "jump"
    .port_info 8 /OUTPUT 2 "aluop"
v0x5635b2b1abf0_0 .net *"_s10", 8 0, v0x5635b2b1af50_0;  1 drivers
v0x5635b2b1acf0_0 .net "aluop", 1 0, L_0x5635b2b27190;  alias, 1 drivers
v0x5635b2b1ade0_0 .net "alusrc", 0 0, L_0x5635b2b26da0;  alias, 1 drivers
v0x5635b2b1aeb0_0 .net "branch", 0 0, L_0x5635b2b26e40;  alias, 1 drivers
v0x5635b2b1af50_0 .var "controls", 8 0;
v0x5635b2b1b080_0 .net "jump", 0 0, L_0x5635b2b270f0;  alias, 1 drivers
v0x5635b2b1b140_0 .net "memtoreg", 0 0, L_0x5635b2b27010;  alias, 1 drivers
v0x5635b2b1b200_0 .net "memwrite", 0 0, L_0x5635b2b26f70;  alias, 1 drivers
v0x5635b2b1b2a0_0 .net "op", 5 0, L_0x5635b2b274f0;  alias, 1 drivers
v0x5635b2b1b360_0 .net "regdst", 0 0, L_0x5635b2b26d00;  alias, 1 drivers
v0x5635b2b1b420_0 .net "regwrite", 0 0, L_0x5635b2b26c60;  alias, 1 drivers
E_0x5635b2aff890 .event edge, v0x5635b2b1b2a0_0;
L_0x5635b2b26c60 .part v0x5635b2b1af50_0, 8, 1;
L_0x5635b2b26d00 .part v0x5635b2b1af50_0, 7, 1;
L_0x5635b2b26da0 .part v0x5635b2b1af50_0, 6, 1;
L_0x5635b2b26e40 .part v0x5635b2b1af50_0, 5, 1;
L_0x5635b2b26f70 .part v0x5635b2b1af50_0, 4, 1;
L_0x5635b2b27010 .part v0x5635b2b1af50_0, 3, 1;
L_0x5635b2b270f0 .part v0x5635b2b1af50_0, 2, 1;
L_0x5635b2b27190 .part v0x5635b2b1af50_0, 0, 2;
S_0x5635b2b1c1a0 .scope module, "dp" "datapath" 7 18, 11 1 0, S_0x5635b2b19ee0;
 .timescale 0 0;
    .port_info 0 /INPUT 1 "clk"
    .port_info 1 /INPUT 1 "reset"
    .port_info 2 /INPUT 1 "memtoreg"
    .port_info 3 /INPUT 1 "pcsrc"
    .port_info 4 /INPUT 1 "alusrc"
    .port_info 5 /INPUT 1 "regdst"
    .port_info 6 /INPUT 1 "regwrite"
    .port_info 7 /INPUT 1 "jump"
    .port_info 8 /INPUT 4 "alucontrol"
    .port_info 9 /OUTPUT 1 "zero"
    .port_info 10 /OUTPUT 32 "pc"
    .port_info 11 /INPUT 32 "instr"
    .port_info 12 /OUTPUT 32 "aluout"
    .port_info 13 /OUTPUT 32 "writedata"
    .port_info 14 /INPUT 32 "readdata"
v0x5635b2b23580_0 .net *"_s3", 3 0, L_0x5635b2b37e10;  1 drivers
v0x5635b2b23680_0 .net *"_s5", 25 0, L_0x5635b2b37eb0;  1 drivers
L_0x7ff24e2a30a8 .functor BUFT 1, C4<00>, C4<0>, C4<0>, C4<0>;
v0x5635b2b23760_0 .net/2u *"_s6", 1 0, L_0x7ff24e2a30a8;  1 drivers
v0x5635b2b23820_0 .net "alucontrol", 3 0, v0x5635b2b1a580_0;  alias, 1 drivers
v0x5635b2b238e0_0 .net "aluout", 31 0, v0x5635b2b1d600_0;  alias, 1 drivers
v0x5635b2b239f0_0 .net "alusrc", 0 0, L_0x5635b2b26da0;  alias, 1 drivers
v0x5635b2b23a90_0 .net "clk", 0 0, v0x5635b2b26870_0;  alias, 1 drivers
v0x5635b2b23b30_0 .net "instr", 31 0, L_0x5635b2b27780;  alias, 1 drivers
v0x5635b2b23bf0_0 .net "jump", 0 0, L_0x5635b2b270f0;  alias, 1 drivers
v0x5635b2b23d20_0 .net "memtoreg", 0 0, L_0x5635b2b27010;  alias, 1 drivers
v0x5635b2b23dc0_0 .net "pc", 31 0, v0x5635b2b1fea0_0;  alias, 1 drivers
v0x5635b2b23e60_0 .net "pcbranch", 31 0, L_0x5635b2b37a60;  1 drivers
v0x5635b2b23f20_0 .net "pcnext", 31 0, L_0x5635b2b37cc0;  1 drivers
v0x5635b2b24030_0 .net "pcnextbr", 31 0, L_0x5635b2b37b90;  1 drivers
v0x5635b2b24140_0 .net "pcplus4", 31 0, L_0x5635b2b276e0;  1 drivers
v0x5635b2b24200_0 .net "pcsrc", 0 0, L_0x5635b2b273b0;  alias, 1 drivers
v0x5635b2b242f0_0 .net "readdata", 31 0, L_0x5635b2b398f0;  alias, 1 drivers
v0x5635b2b24510_0 .net "regdst", 0 0, L_0x5635b2b26d00;  alias, 1 drivers
v0x5635b2b245b0_0 .net "regwrite", 0 0, L_0x5635b2b26c60;  alias, 1 drivers
v0x5635b2b24650_0 .net "reset", 0 0, v0x5635b2b26a90_0;  alias, 1 drivers
v0x5635b2b246f0_0 .net "result", 31 0, L_0x5635b2b39130;  1 drivers
v0x5635b2b247e0_0 .net "signimm", 31 0, v0x5635b2b225d0_0;  1 drivers
v0x5635b2b248a0_0 .net "signimmsh", 31 0, L_0x5635b2b379c0;  1 drivers
v0x5635b2b249b0_0 .net "srca", 31 0, L_0x5635b2b38390;  1 drivers
v0x5635b2b24a70_0 .net "srcb", 31 0, L_0x5635b2b392c0;  1 drivers
v0x5635b2b24bc0_0 .net "writedata", 31 0, L_0x5635b2b38a50;  alias, 1 drivers
v0x5635b2b24c80_0 .net "writereg", 4 0, L_0x5635b2b38e70;  1 drivers
v0x5635b2b24d40_0 .net "zero", 0 0, v0x5635b2b1d6a0_0;  alias, 1 drivers
L_0x5635b2b37e10 .part L_0x5635b2b276e0, 28, 4;
L_0x5635b2b37eb0 .part L_0x5635b2b27780, 0, 26;
L_0x5635b2b37f50 .concat [ 2 26 4 0], L_0x7ff24e2a30a8, L_0x5635b2b37eb0, L_0x5635b2b37e10;
L_0x5635b2b38bf0 .part L_0x5635b2b27780, 21, 5;
L_0x5635b2b38cc0 .part L_0x5635b2b27780, 16, 5;
L_0x5635b2b38f10 .part L_0x5635b2b27780, 16, 5;
L_0x5635b2b39040 .part L_0x5635b2b27780, 11, 5;
L_0x5635b2b391d0 .part L_0x5635b2b27780, 0, 16;
S_0x5635b2b1c3c0 .scope module, "alu" "alu" 11 42, 12 1 0, S_0x5635b2b1c1a0;
 .timescale 0 0;
    .port_info 0 /INPUT 32 "A"
    .port_info 1 /INPUT 32 "B"
    .port_info 2 /INPUT 4 "aluOp"
    .port_info 3 /OUTPUT 32 "Result"
    .port_info 4 /OUTPUT 1 "Zero"
v0x5635b2b1d3c0_0 .net "A", 31 0, L_0x5635b2b38390;  alias, 1 drivers
v0x5635b2b1d4f0_0 .net "B", 31 0, L_0x5635b2b392c0;  alias, 1 drivers
v0x5635b2b1d600_0 .var "Result", 31 0;
v0x5635b2b1d6a0_0 .var "Zero", 0 0;
v0x5635b2b1d740_0 .net "aluOp", 3 0, v0x5635b2b1a580_0;  alias, 1 drivers
v0x5635b2b1d8c0_0 .net "result_arithmetic", 31 0, v0x5635b2b1cb50_0;  1 drivers
v0x5635b2b1d960_0 .net "result_logic", 31 0, v0x5635b2b1d180_0;  1 drivers
E_0x5635b2b1c640 .event edge, v0x5635b2b1a580_0, v0x5635b2b1d180_0, v0x5635b2b1cb50_0, v0x5635b2b19420_0;
S_0x5635b2b1c6d0 .scope module, "AritmeticalPart" "arithmetic" 12 10, 13 1 0, S_0x5635b2b1c3c0;
 .timescale 0 0;
    .port_info 0 /INPUT 32 "A"
    .port_info 1 /INPUT 32 "B"
    .port_info 2 /INPUT 4 "aluOp"
    .port_info 3 /OUTPUT 32 "Result"
v0x5635b2b1c970_0 .net "A", 31 0, L_0x5635b2b38390;  alias, 1 drivers
v0x5635b2b1ca70_0 .net "B", 31 0, L_0x5635b2b392c0;  alias, 1 drivers
v0x5635b2b1cb50_0 .var "Result", 31 0;
v0x5635b2b1cc40_0 .net "aluOp", 3 0, v0x5635b2b1a580_0;  alias, 1 drivers
E_0x5635b2b1c8f0 .event edge, v0x5635b2b1a580_0, v0x5635b2b1c970_0, v0x5635b2b1ca70_0;
S_0x5635b2b1cdd0 .scope module, "LogicalPart" "logical" 12 11, 14 1 0, S_0x5635b2b1c3c0;
 .timescale 0 0;
    .port_info 0 /INPUT 32 "A"
    .port_info 1 /INPUT 32 "B"
    .port_info 2 /INPUT 4 "aluOp"
    .port_info 3 /OUTPUT 32 "Result"
v0x5635b2b1cfc0_0 .net "A", 31 0, L_0x5635b2b38390;  alias, 1 drivers
v0x5635b2b1d0b0_0 .net "B", 31 0, L_0x5635b2b392c0;  alias, 1 drivers
v0x5635b2b1d180_0 .var "Result", 31 0;
v0x5635b2b1d250_0 .net "aluOp", 3 0, v0x5635b2b1a580_0;  alias, 1 drivers
S_0x5635b2b1dae0 .scope module, "immsh" "sl2" 11 21, 15 2 0, S_0x5635b2b1c1a0;
 .timescale 0 0;
    .port_info 0 /INPUT 32 "a"
    .port_info 1 /OUTPUT 32 "y"
v0x5635b2b1dcc0_0 .net *"_s1", 29 0, L_0x5635b2b37890;  1 drivers
L_0x7ff24e2a3060 .functor BUFT 1, C4<00>, C4<0>, C4<0>, C4<0>;
v0x5635b2b1ddc0_0 .net/2u *"_s2", 1 0, L_0x7ff24e2a3060;  1 drivers
v0x5635b2b1dea0_0 .net "a", 31 0, v0x5635b2b225d0_0;  alias, 1 drivers
v0x5635b2b1df60_0 .net "y", 31 0, L_0x5635b2b379c0;  alias, 1 drivers
L_0x5635b2b37890 .part v0x5635b2b225d0_0, 0, 30;
L_0x5635b2b379c0 .concat [ 2 30 0 0], L_0x7ff24e2a3060, L_0x5635b2b37890;
S_0x5635b2b1e0a0 .scope module, "pcadd1" "adder" 11 20, 16 2 0, S_0x5635b2b1c1a0;
 .timescale 0 0;
    .port_info 0 /INPUT 32 "a"
    .port_info 1 /INPUT 32 "b"
    .port_info 2 /OUTPUT 32 "y"
v0x5635b2b1e2f0_0 .net "a", 31 0, v0x5635b2b1fea0_0;  alias, 1 drivers
L_0x7ff24e2a3018 .functor BUFT 1, C4<00000000000000000000000000000100>, C4<0>, C4<0>, C4<0>;
v0x5635b2b1e3d0_0 .net "b", 31 0, L_0x7ff24e2a3018;  1 drivers
v0x5635b2b1e4b0_0 .net "y", 31 0, L_0x5635b2b276e0;  alias, 1 drivers
L_0x5635b2b276e0 .arith/sum 32, v0x5635b2b1fea0_0, L_0x7ff24e2a3018;
S_0x5635b2b1e620 .scope module, "pcadd2" "adder" 11 22, 16 2 0, S_0x5635b2b1c1a0;
 .timescale 0 0;
    .port_info 0 /INPUT 32 "a"
    .port_info 1 /INPUT 32 "b"
    .port_info 2 /OUTPUT 32 "y"
v0x5635b2b1e840_0 .net "a", 31 0, L_0x5635b2b276e0;  alias, 1 drivers
v0x5635b2b1e950_0 .net "b", 31 0, L_0x5635b2b379c0;  alias, 1 drivers
v0x5635b2b1ea20_0 .net "y", 31 0, L_0x5635b2b37a60;  alias, 1 drivers
L_0x5635b2b37a60 .arith/sum 32, L_0x5635b2b276e0, L_0x5635b2b379c0;
S_0x5635b2b1eb70 .scope module, "pcbrmux" "mux2" 11 23, 17 2 0, S_0x5635b2b1c1a0;
 .timescale 0 0;
    .port_info 0 /INPUT 32 "d0"
    .port_info 1 /INPUT 32 "d1"
    .port_info 2 /INPUT 1 "s"
    .port_info 3 /OUTPUT 32 "y"
P_0x5635b2b1ed90 .param/l "WIDTH" 0 17 2, +C4<00000000000000000000000000100000>;
v0x5635b2b1eef0_0 .net "d0", 31 0, L_0x5635b2b276e0;  alias, 1 drivers
v0x5635b2b1f000_0 .net "d1", 31 0, L_0x5635b2b37a60;  alias, 1 drivers
v0x5635b2b1f0c0_0 .net "s", 0 0, L_0x5635b2b273b0;  alias, 1 drivers
v0x5635b2b1f1c0_0 .net "y", 31 0, L_0x5635b2b37b90;  alias, 1 drivers
L_0x5635b2b37b90 .functor MUXZ 32, L_0x5635b2b276e0, L_0x5635b2b37a60, L_0x5635b2b273b0, C4<>;
S_0x5635b2b1f2f0 .scope module, "pcmux" "mux2" 11 25, 17 2 0, S_0x5635b2b1c1a0;
 .timescale 0 0;
    .port_info 0 /INPUT 32 "d0"
    .port_info 1 /INPUT 32 "d1"
    .port_info 2 /INPUT 1 "s"
    .port_info 3 /OUTPUT 32 "y"
P_0x5635b2b1f4c0 .param/l "WIDTH" 0 17 2, +C4<00000000000000000000000000100000>;
v0x5635b2b1f590_0 .net "d0", 31 0, L_0x5635b2b37b90;  alias, 1 drivers
v0x5635b2b1f6a0_0 .net "d1", 31 0, L_0x5635b2b37f50;  1 drivers
v0x5635b2b1f760_0 .net "s", 0 0, L_0x5635b2b270f0;  alias, 1 drivers
v0x5635b2b1f880_0 .net "y", 31 0, L_0x5635b2b37cc0;  alias, 1 drivers
L_0x5635b2b37cc0 .functor MUXZ 32, L_0x5635b2b37b90, L_0x5635b2b37f50, L_0x5635b2b270f0, C4<>;
S_0x5635b2b1f9c0 .scope module, "pcreg" "flopr" 11 19, 18 2 0, S_0x5635b2b1c1a0;
 .timescale 0 0;
    .port_info 0 /INPUT 1 "clk"
    .port_info 1 /INPUT 1 "reset"
    .port_info 2 /INPUT 32 "d"
    .port_info 3 /OUTPUT 32 "q"
P_0x5635b2b1fb90 .param/l "WIDTH" 0 18 2, +C4<00000000000000000000000000100000>;
v0x5635b2b1fce0_0 .net "clk", 0 0, v0x5635b2b26870_0;  alias, 1 drivers
v0x5635b2b1fdd0_0 .net "d", 31 0, L_0x5635b2b37cc0;  alias, 1 drivers
v0x5635b2b1fea0_0 .var "q", 31 0;
v0x5635b2b1ffa0_0 .net "reset", 0 0, v0x5635b2b26a90_0;  alias, 1 drivers
E_0x5635b2b1fc60 .event posedge, v0x5635b2b1ffa0_0, v0x5635b2b19500_0;
S_0x5635b2b200d0 .scope module, "resmux" "mux2" 11 35, 17 2 0, S_0x5635b2b1c1a0;
 .timescale 0 0;
    .port_info 0 /INPUT 32 "d0"
    .port_info 1 /INPUT 32 "d1"
    .port_info 2 /INPUT 1 "s"
    .port_info 3 /OUTPUT 32 "y"
P_0x5635b2b202a0 .param/l "WIDTH" 0 17 2, +C4<00000000000000000000000000100000>;
v0x5635b2b20370_0 .net "d0", 31 0, v0x5635b2b1d600_0;  alias, 1 drivers
v0x5635b2b204a0_0 .net "d1", 31 0, L_0x5635b2b398f0;  alias, 1 drivers
v0x5635b2b20560_0 .net "s", 0 0, L_0x5635b2b27010;  alias, 1 drivers
v0x5635b2b20680_0 .net "y", 31 0, L_0x5635b2b39130;  alias, 1 drivers
L_0x5635b2b39130 .functor MUXZ 32, v0x5635b2b1d600_0, L_0x5635b2b398f0, L_0x5635b2b27010, C4<>;
S_0x5635b2b207a0 .scope module, "rf" "regfile" 11 30, 19 2 0, S_0x5635b2b1c1a0;
 .timescale 0 0;
    .port_info 0 /INPUT 1 "clk"
    .port_info 1 /INPUT 1 "we3"
    .port_info 2 /INPUT 5 "ra1"
    .port_info 3 /INPUT 5 "ra2"
    .port_info 4 /INPUT 5 "wa3"
    .port_info 5 /INPUT 32 "wd3"
    .port_info 6 /OUTPUT 32 "rd1"
    .port_info 7 /OUTPUT 32 "rd2"
v0x5635b2b20a40_0 .net *"_s0", 31 0, L_0x5635b2b37ff0;  1 drivers
v0x5635b2b20b40_0 .net *"_s10", 6 0, L_0x5635b2b381d0;  1 drivers
L_0x7ff24e2a3180 .functor BUFT 1, C4<00>, C4<0>, C4<0>, C4<0>;
v0x5635b2b20c20_0 .net *"_s13", 1 0, L_0x7ff24e2a3180;  1 drivers
L_0x7ff24e2a31c8 .functor BUFT 1, C4<00000000000000000000000000000000>, C4<0>, C4<0>, C4<0>;
v0x5635b2b20ce0_0 .net/2u *"_s14", 31 0, L_0x7ff24e2a31c8;  1 drivers
v0x5635b2b20dc0_0 .net *"_s18", 31 0, L_0x5635b2b38520;  1 drivers
L_0x7ff24e2a3210 .functor BUFT 1, C4<000000000000000000000000000>, C4<0>, C4<0>, C4<0>;
v0x5635b2b20ef0_0 .net *"_s21", 26 0, L_0x7ff24e2a3210;  1 drivers
L_0x7ff24e2a3258 .functor BUFT 1, C4<00000000000000000000000000000000>, C4<0>, C4<0>, C4<0>;
v0x5635b2b20fd0_0 .net/2u *"_s22", 31 0, L_0x7ff24e2a3258;  1 drivers
v0x5635b2b210b0_0 .net *"_s24", 0 0, L_0x5635b2b386e0;  1 drivers
v0x5635b2b21170_0 .net *"_s26", 31 0, L_0x5635b2b387d0;  1 drivers
v0x5635b2b212e0_0 .net *"_s28", 6 0, L_0x5635b2b388c0;  1 drivers
L_0x7ff24e2a30f0 .functor BUFT 1, C4<000000000000000000000000000>, C4<0>, C4<0>, C4<0>;
v0x5635b2b213c0_0 .net *"_s3", 26 0, L_0x7ff24e2a30f0;  1 drivers
L_0x7ff24e2a32a0 .functor BUFT 1, C4<00>, C4<0>, C4<0>, C4<0>;
v0x5635b2b214a0_0 .net *"_s31", 1 0, L_0x7ff24e2a32a0;  1 drivers
L_0x7ff24e2a32e8 .functor BUFT 1, C4<00000000000000000000000000000000>, C4<0>, C4<0>, C4<0>;
v0x5635b2b21580_0 .net/2u *"_s32", 31 0, L_0x7ff24e2a32e8;  1 drivers
L_0x7ff24e2a3138 .functor BUFT 1, C4<00000000000000000000000000000000>, C4<0>, C4<0>, C4<0>;
v0x5635b2b21660_0 .net/2u *"_s4", 31 0, L_0x7ff24e2a3138;  1 drivers
v0x5635b2b21740_0 .net *"_s6", 0 0, L_0x5635b2b38090;  1 drivers
v0x5635b2b21800_0 .net *"_s8", 31 0, L_0x5635b2b38130;  1 drivers
v0x5635b2b218e0_0 .net "clk", 0 0, v0x5635b2b26870_0;  alias, 1 drivers
v0x5635b2b21980_0 .net "ra1", 4 0, L_0x5635b2b38bf0;  1 drivers
v0x5635b2b21a60_0 .net "ra2", 4 0, L_0x5635b2b38cc0;  1 drivers
v0x5635b2b21b40_0 .net "rd1", 31 0, L_0x5635b2b38390;  alias, 1 drivers
v0x5635b2b21c00_0 .net "rd2", 31 0, L_0x5635b2b38a50;  alias, 1 drivers
v0x5635b2b21cc0 .array "rf", 31 0, 31 0;
v0x5635b2b21d60_0 .net "wa3", 4 0, L_0x5635b2b38e70;  alias, 1 drivers
v0x5635b2b21e40_0 .net "wd3", 31 0, L_0x5635b2b39130;  alias, 1 drivers
v0x5635b2b21f00_0 .net "we3", 0 0, L_0x5635b2b26c60;  alias, 1 drivers
L_0x5635b2b37ff0 .concat [ 5 27 0 0], L_0x5635b2b38bf0, L_0x7ff24e2a30f0;
L_0x5635b2b38090 .cmp/ne 32, L_0x5635b2b37ff0, L_0x7ff24e2a3138;
L_0x5635b2b38130 .array/port v0x5635b2b21cc0, L_0x5635b2b381d0;
L_0x5635b2b381d0 .concat [ 5 2 0 0], L_0x5635b2b38bf0, L_0x7ff24e2a3180;
L_0x5635b2b38390 .functor MUXZ 32, L_0x7ff24e2a31c8, L_0x5635b2b38130, L_0x5635b2b38090, C4<>;
L_0x5635b2b38520 .concat [ 5 27 0 0], L_0x5635b2b38cc0, L_0x7ff24e2a3210;
L_0x5635b2b386e0 .cmp/ne 32, L_0x5635b2b38520, L_0x7ff24e2a3258;
L_0x5635b2b387d0 .array/port v0x5635b2b21cc0, L_0x5635b2b388c0;
L_0x5635b2b388c0 .concat [ 5 2 0 0], L_0x5635b2b38cc0, L_0x7ff24e2a32a0;
L_0x5635b2b38a50 .functor MUXZ 32, L_0x7ff24e2a32e8, L_0x5635b2b387d0, L_0x5635b2b386e0, C4<>;
S_0x5635b2b22120 .scope module, "se" "signext" 11 37, 20 2 0, S_0x5635b2b1c1a0;
 .timescale 0 0;
    .port_info 0 /INPUT 16 "a"
    .port_info 1 /INPUT 1 "alusrc"
    .port_info 2 /INPUT 4 "instr"
    .port_info 3 /OUTPUT 32 "y"
v0x5635b2b22320_0 .net "a", 15 0, L_0x5635b2b391d0;  1 drivers
v0x5635b2b22420_0 .net "alusrc", 0 0, L_0x5635b2b26da0;  alias, 1 drivers
v0x5635b2b22530_0 .net "instr", 3 0, v0x5635b2b1a580_0;  alias, 1 drivers
v0x5635b2b225d0_0 .var "y", 31 0;
E_0x5635b2b222a0 .event edge, v0x5635b2b1ade0_0, v0x5635b2b1a580_0, v0x5635b2b22320_0;
S_0x5635b2b22730 .scope module, "srcbmux" "mux2" 11 40, 17 2 0, S_0x5635b2b1c1a0;
 .timescale 0 0;
    .port_info 0 /INPUT 32 "d0"
    .port_info 1 /INPUT 32 "d1"
    .port_info 2 /INPUT 1 "s"
    .port_info 3 /OUTPUT 32 "y"
P_0x5635b2b22900 .param/l "WIDTH" 0 17 2, +C4<00000000000000000000000000100000>;
v0x5635b2b22a40_0 .net "d0", 31 0, L_0x5635b2b38a50;  alias, 1 drivers
v0x5635b2b22b70_0 .net "d1", 31 0, v0x5635b2b225d0_0;  alias, 1 drivers
v0x5635b2b22c80_0 .net "s", 0 0, L_0x5635b2b26da0;  alias, 1 drivers
v0x5635b2b22d20_0 .net "y", 31 0, L_0x5635b2b392c0;  alias, 1 drivers
L_0x5635b2b392c0 .functor MUXZ 32, L_0x5635b2b38a50, v0x5635b2b225d0_0, L_0x5635b2b26da0, C4<>;
S_0x5635b2b22e40 .scope module, "wrmux" "mux2" 11 33, 17 2 0, S_0x5635b2b1c1a0;
 .timescale 0 0;
    .port_info 0 /INPUT 5 "d0"
    .port_info 1 /INPUT 5 "d1"
    .port_info 2 /INPUT 1 "s"
    .port_info 3 /OUTPUT 5 "y"
P_0x5635b2b23010 .param/l "WIDTH" 0 17 2, +C4<00000000000000000000000000000101>;
v0x5635b2b23150_0 .net "d0", 4 0, L_0x5635b2b38f10;  1 drivers
v0x5635b2b23250_0 .net "d1", 4 0, L_0x5635b2b39040;  1 drivers
v0x5635b2b23330_0 .net "s", 0 0, L_0x5635b2b26d00;  alias, 1 drivers
v0x5635b2b23450_0 .net "y", 4 0, L_0x5635b2b38e70;  alias, 1 drivers
L_0x5635b2b38e70 .functor MUXZ 5, L_0x5635b2b38f10, L_0x5635b2b39040, L_0x5635b2b26d00, C4<>;
    .scope S_0x5635b2af4290;
T_0 ;
    %wait E_0x5635b2aa5a80;
    %load/vec4 v0x5635b2b18c30_0;
    %flag_set/vec4 8;
    %jmp/0xz  T_0.0, 8;
    %pushi/vec4 0, 0, 8;
    %assign/vec4 v0x5635b2b18b50_0, 0;
    %jmp T_0.1;
T_0.0 ;
    %load/vec4 v0x5635b2afd600_0;
    %flag_set/vec4 8;
    %jmp/0xz  T_0.2, 8;
    %load/vec4 v0x5635b2af95e0_0;
    %assign/vec4 v0x5635b2b18b50_0, 0;
T_0.2 ;
T_0.1 ;
    %jmp T_0;
    .thread T_0;
    .scope S_0x5635b2b1a8d0;
T_1 ;
    %wait E_0x5635b2aff890;
    %load/vec4 v0x5635b2b1b2a0_0;
    %dup/vec4;
    %pushi/vec4 0, 0, 6;
    %cmp/u;
    %jmp/1 T_1.0, 6;
    %dup/vec4;
    %pushi/vec4 35, 0, 6;
    %cmp/u;
    %jmp/1 T_1.1, 6;
    %dup/vec4;
    %pushi/vec4 43, 0, 6;
    %cmp/u;
    %jmp/1 T_1.2, 6;
    %dup/vec4;
    %pushi/vec4 4, 0, 6;
    %cmp/u;
    %jmp/1 T_1.3, 6;
    %dup/vec4;
    %pushi/vec4 5, 0, 6;
    %cmp/u;
    %jmp/1 T_1.4, 6;
    %dup/vec4;
    %pushi/vec4 8, 0, 6;
    %cmp/u;
    %jmp/1 T_1.5, 6;
    %dup/vec4;
    %pushi/vec4 13, 0, 6;
    %cmp/u;
    %jmp/1 T_1.6, 6;
    %dup/vec4;
    %pushi/vec4 2, 0, 6;
    %cmp/u;
    %jmp/1 T_1.7, 6;
    %pushi/vec4 511, 511, 9;
    %assign/vec4 v0x5635b2b1af50_0, 0;
    %jmp T_1.9;
T_1.0 ;
    %pushi/vec4 386, 0, 9;
    %assign/vec4 v0x5635b2b1af50_0, 0;
    %jmp T_1.9;
T_1.1 ;
    %pushi/vec4 328, 0, 9;
    %assign/vec4 v0x5635b2b1af50_0, 0;
    %jmp T_1.9;
T_1.2 ;
    %pushi/vec4 80, 0, 9;
    %assign/vec4 v0x5635b2b1af50_0, 0;
    %jmp T_1.9;
T_1.3 ;
    %pushi/vec4 33, 0, 9;
    %assign/vec4 v0x5635b2b1af50_0, 0;
    %jmp T_1.9;
T_1.4 ;
    %pushi/vec4 34, 0, 9;
    %assign/vec4 v0x5635b2b1af50_0, 0;
    %jmp T_1.9;
T_1.5 ;
    %pushi/vec4 320, 0, 9;
    %assign/vec4 v0x5635b2b1af50_0, 0;
    %jmp T_1.9;
T_1.6 ;
    %pushi/vec4 323, 0, 9;
    %assign/vec4 v0x5635b2b1af50_0, 0;
    %jmp T_1.9;
T_1.7 ;
    %pushi/vec4 4, 0, 9;
    %assign/vec4 v0x5635b2b1af50_0, 0;
    %jmp T_1.9;
T_1.9 ;
    %pop/vec4 1;
    %jmp T_1;
    .thread T_1, $push;
    .scope S_0x5635b2b1a300;
T_2 ;
    %wait E_0x5635b2aff850;
    %load/vec4 v0x5635b2b1a680_0;
    %dup/vec4;
    %pushi/vec4 0, 0, 2;
    %cmp/u;
    %jmp/1 T_2.0, 6;
    %dup/vec4;
    %pushi/vec4 1, 0, 2;
    %cmp/u;
    %jmp/1 T_2.1, 6;
    %dup/vec4;
    %pushi/vec4 3, 0, 2;
    %cmp/u;
    %jmp/1 T_2.2, 6;
    %load/vec4 v0x5635b2b1a760_0;
    %dup/vec4;
    %pushi/vec4 32, 0, 6;
    %cmp/u;
    %jmp/1 T_2.5, 6;
    %dup/vec4;
    %pushi/vec4 34, 0, 6;
    %cmp/u;
    %jmp/1 T_2.6, 6;
    %dup/vec4;
    %pushi/vec4 36, 0, 6;
    %cmp/u;
    %jmp/1 T_2.7, 6;
    %dup/vec4;
    %pushi/vec4 37, 0, 6;
    %cmp/u;
    %jmp/1 T_2.8, 6;
    %dup/vec4;
    %pushi/vec4 38, 0, 6;
    %cmp/u;
    %jmp/1 T_2.9, 6;
    %dup/vec4;
    %pushi/vec4 39, 0, 6;
    %cmp/u;
    %jmp/1 T_2.10, 6;
    %dup/vec4;
    %pushi/vec4 42, 0, 6;
    %cmp/u;
    %jmp/1 T_2.11, 6;
    %pushi/vec4 15, 15, 4;
    %assign/vec4 v0x5635b2b1a580_0, 0;
    %jmp T_2.13;
T_2.5 ;
    %pushi/vec4 0, 0, 4;
    %assign/vec4 v0x5635b2b1a580_0, 0;
    %jmp T_2.13;
T_2.6 ;
    %pushi/vec4 2, 0, 4;
    %assign/vec4 v0x5635b2b1a580_0, 0;
    %jmp T_2.13;
T_2.7 ;
    %pushi/vec4 4, 0, 4;
    %assign/vec4 v0x5635b2b1a580_0, 0;
    %jmp T_2.13;
T_2.8 ;
    %pushi/vec4 5, 0, 4;
    %assign/vec4 v0x5635b2b1a580_0, 0;
    %jmp T_2.13;
T_2.9 ;
    %pushi/vec4 6, 0, 4;
    %assign/vec4 v0x5635b2b1a580_0, 0;
    %jmp T_2.13;
T_2.10 ;
    %pushi/vec4 7, 0, 4;
    %assign/vec4 v0x5635b2b1a580_0, 0;
    %jmp T_2.13;
T_2.11 ;
    %pushi/vec4 10, 0, 4;
    %assign/vec4 v0x5635b2b1a580_0, 0;
    %jmp T_2.13;
T_2.13 ;
    %pop/vec4 1;
    %jmp T_2.4;
T_2.0 ;
    %pushi/vec4 0, 0, 4;
    %assign/vec4 v0x5635b2b1a580_0, 0;
    %jmp T_2.4;
T_2.1 ;
    %pushi/vec4 2, 0, 4;
    %assign/vec4 v0x5635b2b1a580_0, 0;
    %jmp T_2.4;
T_2.2 ;
    %pushi/vec4 5, 0, 4;
    %assign/vec4 v0x5635b2b1a580_0, 0;
    %jmp T_2.4;
T_2.4 ;
    %pop/vec4 1;
    %jmp T_2;
    .thread T_2, $push;
    .scope S_0x5635b2b1f9c0;
T_3 ;
    %wait E_0x5635b2b1fc60;
    %load/vec4 v0x5635b2b1ffa0_0;
    %flag_set/vec4 8;
    %jmp/0xz  T_3.0, 8;
    %pushi/vec4 0, 0, 32;
    %assign/vec4 v0x5635b2b1fea0_0, 0;
    %jmp T_3.1;
T_3.0 ;
    %load/vec4 v0x5635b2b1fdd0_0;
    %assign/vec4 v0x5635b2b1fea0_0, 0;
T_3.1 ;
    %jmp T_3;
    .thread T_3;
    .scope S_0x5635b2b207a0;
T_4 ;
    %wait E_0x5635b2a67d10;
    %load/vec4 v0x5635b2b21f00_0;
    %flag_set/vec4 8;
    %jmp/0xz  T_4.0, 8;
    %load/vec4 v0x5635b2b21e40_0;
    %load/vec4 v0x5635b2b21d60_0;
    %pad/u 7;
    %ix/vec4 3;
    %ix/load 4, 0, 0; Constant delay
    %assign/vec4/a/d v0x5635b2b21cc0, 0, 4;
T_4.0 ;
    %jmp T_4;
    .thread T_4;
    .scope S_0x5635b2b22120;
T_5 ;
    %wait E_0x5635b2b222a0;
    %load/vec4 v0x5635b2b22420_0;
    %pushi/vec4 1, 0, 1;
    %cmp/e;
    %flag_get/vec4 4;
    %load/vec4 v0x5635b2b22530_0;
    %pushi/vec4 5, 0, 4;
    %cmp/e;
    %flag_get/vec4 4;
    %and;
    %flag_set/vec4 8;
    %jmp/0xz  T_5.0, 8;
    %pushi/vec4 0, 0, 16;
    %load/vec4 v0x5635b2b22320_0;
    %concat/vec4; draw_concat_vec4
    %store/vec4 v0x5635b2b225d0_0, 0, 32;
    %jmp T_5.1;
T_5.0 ;
    %load/vec4 v0x5635b2b22320_0;
    %parti/s 1, 15, 5;
    %replicate 16;
    %load/vec4 v0x5635b2b22320_0;
    %concat/vec4; draw_concat_vec4
    %store/vec4 v0x5635b2b225d0_0, 0, 32;
T_5.1 ;
    %jmp T_5;
    .thread T_5, $push;
    .scope S_0x5635b2b1c6d0;
T_6 ;
    %wait E_0x5635b2b1c8f0;
    %load/vec4 v0x5635b2b1cc40_0;
    %dup/vec4;
    %pushi/vec4 0, 0, 4;
    %cmp/u;
    %jmp/1 T_6.0, 6;
    %dup/vec4;
    %pushi/vec4 2, 0, 4;
    %cmp/u;
    %jmp/1 T_6.1, 6;
    %dup/vec4;
    %pushi/vec4 10, 0, 4;
    %cmp/u;
    %jmp/1 T_6.2, 6;
    %load/vec4 v0x5635b2b1c970_0;
    %load/vec4 v0x5635b2b1ca70_0;
    %add;
    %store/vec4 v0x5635b2b1cb50_0, 0, 32;
    %jmp T_6.4;
T_6.0 ;
    %load/vec4 v0x5635b2b1c970_0;
    %load/vec4 v0x5635b2b1ca70_0;
    %add;
    %store/vec4 v0x5635b2b1cb50_0, 0, 32;
    %jmp T_6.4;
T_6.1 ;
    %load/vec4 v0x5635b2b1c970_0;
    %load/vec4 v0x5635b2b1ca70_0;
    %sub;
    %store/vec4 v0x5635b2b1cb50_0, 0, 32;
    %jmp T_6.4;
T_6.2 ;
    %load/vec4 v0x5635b2b1c970_0;
    %load/vec4 v0x5635b2b1ca70_0;
    %cmp/u;
    %flag_mov 8, 5;
    %jmp/0 T_6.5, 8;
    %pushi/vec4 1, 0, 32;
    %jmp/1 T_6.6, 8;
T_6.5 ; End of true expr.
    %pushi/vec4 0, 0, 32;
    %jmp/0 T_6.6, 8;
 ; End of false expr.
    %blend;
T_6.6;
    %store/vec4 v0x5635b2b1cb50_0, 0, 32;
    %jmp T_6.4;
T_6.4 ;
    %pop/vec4 1;
    %jmp T_6;
    .thread T_6, $push;
    .scope S_0x5635b2b1cdd0;
T_7 ;
    %wait E_0x5635b2b1c8f0;
    %load/vec4 v0x5635b2b1d250_0;
    %dup/vec4;
    %pushi/vec4 4, 0, 4;
    %cmp/u;
    %jmp/1 T_7.0, 6;
    %dup/vec4;
    %pushi/vec4 5, 0, 4;
    %cmp/u;
    %jmp/1 T_7.1, 6;
    %dup/vec4;
    %pushi/vec4 6, 0, 4;
    %cmp/u;
    %jmp/1 T_7.2, 6;
    %dup/vec4;
    %pushi/vec4 7, 0, 4;
    %cmp/u;
    %jmp/1 T_7.3, 6;
    %jmp T_7.4;
T_7.0 ;
    %load/vec4 v0x5635b2b1cfc0_0;
    %load/vec4 v0x5635b2b1d0b0_0;
    %and;
    %store/vec4 v0x5635b2b1d180_0, 0, 32;
    %jmp T_7.4;
T_7.1 ;
    %load/vec4 v0x5635b2b1cfc0_0;
    %load/vec4 v0x5635b2b1d0b0_0;
    %or;
    %store/vec4 v0x5635b2b1d180_0, 0, 32;
    %jmp T_7.4;
T_7.2 ;
    %load/vec4 v0x5635b2b1cfc0_0;
    %load/vec4 v0x5635b2b1d0b0_0;
    %xor;
    %store/vec4 v0x5635b2b1d180_0, 0, 32;
    %jmp T_7.4;
T_7.3 ;
    %load/vec4 v0x5635b2b1cfc0_0;
    %load/vec4 v0x5635b2b1d0b0_0;
    %or;
    %inv;
    %store/vec4 v0x5635b2b1d180_0, 0, 32;
    %jmp T_7.4;
T_7.4 ;
    %pop/vec4 1;
    %jmp T_7;
    .thread T_7, $push;
    .scope S_0x5635b2b1c3c0;
T_8 ;
    %wait E_0x5635b2b1c640;
    %load/vec4 v0x5635b2b1d740_0;
    %parti/s 1, 2, 3;
    %dup/vec4;
    %pushi/vec4 1, 0, 1;
    %cmp/u;
    %jmp/1 T_8.0, 6;
    %dup/vec4;
    %pushi/vec4 0, 0, 1;
    %cmp/u;
    %jmp/1 T_8.1, 6;
    %jmp T_8.2;
T_8.0 ;
    %load/vec4 v0x5635b2b1d960_0;
    %store/vec4 v0x5635b2b1d600_0, 0, 32;
    %jmp T_8.2;
T_8.1 ;
    %load/vec4 v0x5635b2b1d8c0_0;
    %store/vec4 v0x5635b2b1d600_0, 0, 32;
    %jmp T_8.2;
T_8.2 ;
    %pop/vec4 1;
    %load/vec4 v0x5635b2b1d600_0;
    %cmpi/e 0, 0, 32;
    %jmp/0xz  T_8.3, 4;
    %pushi/vec4 1, 0, 1;
    %store/vec4 v0x5635b2b1d6a0_0, 0, 1;
    %jmp T_8.4;
T_8.3 ;
    %pushi/vec4 0, 0, 1;
    %store/vec4 v0x5635b2b1d6a0_0, 0, 1;
T_8.4 ;
    %jmp T_8;
    .thread T_8, $push;
    .scope S_0x5635b2b19930;
T_9 ;
    %vpi_call 6 9 "$readmemh", "memfile.dat", v0x5635b2b19b20 {0 0 0};
    %end;
    .thread T_9;
    .scope S_0x5635b2b18f70;
T_10 ;
    %wait E_0x5635b2a67d10;
    %load/vec4 v0x5635b2b197d0_0;
    %flag_set/vec4 8;
    %jmp/0xz  T_10.0, 8;
    %load/vec4 v0x5635b2b196f0_0;
    %load/vec4 v0x5635b2b19420_0;
    %parti/s 30, 2, 3;
    %ix/vec4 3;
    %ix/load 4, 0, 0; Constant delay
    %assign/vec4/a/d v0x5635b2b191a0, 0, 4;
T_10.0 ;
    %jmp T_10;
    .thread T_10;
    .scope S_0x5635b2af1f50;
T_11 ;
    %vpi_call 3 15 "$dumpfile", "datapath.vcd" {0 0 0};
    %vpi_call 3 16 "$dumpvars" {0 0 0};
    %pushi/vec4 1, 0, 1;
    %assign/vec4 v0x5635b2b26a90_0, 0;
    %delay 22, 0;
    %pushi/vec4 0, 0, 1;
    %assign/vec4 v0x5635b2b26a90_0, 0;
    %end;
    .thread T_11;
    .scope S_0x5635b2af1f50;
T_12 ;
    %pushi/vec4 1, 0, 1;
    %assign/vec4 v0x5635b2b26870_0, 0;
    %delay 5, 0;
    %load/vec4 v0x5635b2b26870_0;
    %inv;
    %store/vec4 v0x5635b2b26870_0, 0, 1;
    %vpi_call 3 24 "$monitor", "Clk: %h, reset: %h, pc: %h, instr: %h, writedata: %h, memwrite: %h, readdata: %h, dataadr: %h", v0x5635b2b26870_0, v0x5635b2b26a90_0, v0x5635b2b263d0_0, v0x5635b2b26200_0, v0x5635b2b26bc0_0, v0x5635b2b269f0_0, v0x5635b2b26520_0, v0x5635b2b26930_0 {0 0 0};
    %delay 5, 0;
    %jmp T_12;
    .thread T_12;
    .scope S_0x5635b2af1f50;
T_13 ;
    %wait E_0x5635b2a67a80;
    %load/vec4 v0x5635b2b269f0_0;
    %flag_set/vec4 8;
    %jmp/0xz  T_13.0, 8;
    %load/vec4 v0x5635b2b26930_0;
    %pushi/vec4 84, 0, 32;
    %cmp/e;
    %flag_get/vec4 6;
    %load/vec4 v0x5635b2b26bc0_0;
    %pushi/vec4 7, 0, 32;
    %cmp/e;
    %flag_get/vec4 6;
    %and;
    %flag_set/vec4 8;
    %jmp/0xz  T_13.2, 8;
    %vpi_call 3 32 "$display" {0 0 0};
    %vpi_call 3 33 "$display", "Simulation succeeded" {0 0 0};
    %vpi_call 3 34 "$stop" {0 0 0};
    %jmp T_13.3;
T_13.2 ;
    %load/vec4 v0x5635b2b26930_0;
    %cmpi/ne 80, 0, 32;
    %jmp/0xz  T_13.4, 6;
    %vpi_call 3 36 "$display", "Simulation failed" {0 0 0};
    %vpi_call 3 37 "$stop" {0 0 0};
T_13.4 ;
T_13.3 ;
T_13.0 ;
    %jmp T_13;
    .thread T_13;
# The file index is used to find the file name in the following table.
:file_names 21;
    "N/A";
    "<interactive>";
    "flopenr.v";
    "mipstest.v";
    "mipstop.v";
    "dataMemory.v";
    "instructionMemory.v";
    "mips.v";
    "controler.v";
    "aludec.v";
    "maindec.v";
    "datapath.v";
    "alu.v";
    "alu_arithmetical.v";
    "alu_logical.v";
    "sll2.v";
    "adder.v";
    "mux2.v";
    "flopr.v";
    "regFile.v";
    "signext.v";
