#! /usr/bin/vvp
:ivl_version "10.1 (stable)";
:ivl_delay_selection "TYPICAL";
:vpi_time_precision + 0;
:vpi_module "system";
:vpi_module "vhdl_sys";
:vpi_module "v2005_math";
:vpi_module "va_math";
S_0x55980eec2060 .scope module, "flopenr" "flopenr" 2 2;
 .timescale 0 0;
    .port_info 0 /INPUT 1 "clk"
    .port_info 1 /INPUT 1 "reset"
    .port_info 2 /INPUT 1 "en"
    .port_info 3 /INPUT 8 "d"
    .port_info 4 /OUTPUT 8 "q"
P_0x55980ee98780 .param/l "WIDTH" 0 2 2, +C4<00000000000000000000000000001000>;
o0x7ff9938a8018 .functor BUFZ 1, C4<z>; HiZ drive
v0x55980eec2820_0 .net "clk", 0 0, o0x7ff9938a8018;  0 drivers
o0x7ff9938a8048 .functor BUFZ 8, C4<zzzzzzzz>; HiZ drive
v0x55980eec73b0_0 .net "d", 7 0, o0x7ff9938a8048;  0 drivers
o0x7ff9938a8078 .functor BUFZ 1, C4<z>; HiZ drive
v0x55980eecb030_0 .net "en", 0 0, o0x7ff9938a8078;  0 drivers
v0x55980eee6560_0 .var "q", 7 0;
o0x7ff9938a80d8 .functor BUFZ 1, C4<z>; HiZ drive
v0x55980eee6640_0 .net "reset", 0 0, o0x7ff9938a80d8;  0 drivers
E_0x55980ee73a80 .event posedge, v0x55980eee6640_0, v0x55980eec2820_0;
S_0x55980eebfd20 .scope module, "testbench" "testbench" 3 1;
 .timescale 0 0;
v0x55980eef43f0_0 .var "clk", 0 0;
v0x55980eef44b0_0 .net "dataadr", 31 0, v0x55980eeeb180_0;  1 drivers
v0x55980eef4570_0 .net "memwrite", 0 0, L_0x55980eef4af0;  1 drivers
v0x55980eef4610_0 .var "reset", 0 0;
v0x55980eef4740_0 .net "writedata", 31 0, L_0x55980ef065d0;  1 drivers
E_0x55980ee35a80 .event negedge, v0x55980eee6f10_0;
S_0x55980eee67e0 .scope module, "dut" "top" 3 10, 4 2 0, S_0x55980eebfd20;
 .timescale 0 0;
    .port_info 0 /INPUT 1 "clk"
    .port_info 1 /INPUT 1 "reset"
    .port_info 2 /OUTPUT 32 "writedata"
    .port_info 3 /OUTPUT 32 "dataadr"
    .port_info 4 /OUTPUT 1 "memwrite"
v0x55980eef3c00_0 .net "clk", 0 0, v0x55980eef43f0_0;  1 drivers
v0x55980eef3cc0_0 .net "dataadr", 31 0, v0x55980eeeb180_0;  alias, 1 drivers
v0x55980eef3d80_0 .net "instr", 31 0, L_0x55980eef5300;  1 drivers
v0x55980eef3e20_0 .net "memwrite", 0 0, L_0x55980eef4af0;  alias, 1 drivers
v0x55980eef3f50_0 .net "pc", 31 0, v0x55980eeeda20_0;  1 drivers
v0x55980eef40a0_0 .net "readdata", 31 0, L_0x55980ef07470;  1 drivers
v0x55980eef41f0_0 .net "reset", 0 0, v0x55980eef4610_0;  1 drivers
v0x55980eef4290_0 .net "writedata", 31 0, L_0x55980ef065d0;  alias, 1 drivers
L_0x55980ef070e0 .part v0x55980eeeda20_0, 2, 6;
S_0x55980eee6980 .scope module, "dmem" "dataMemory" 4 11, 5 2 0, S_0x55980eee67e0;
 .timescale 0 0;
    .port_info 0 /INPUT 1 "clk"
    .port_info 1 /INPUT 1 "we"
    .port_info 2 /INPUT 32 "a"
    .port_info 3 /INPUT 32 "wd"
    .port_info 4 /OUTPUT 32 "rd"
L_0x55980ef07470 .functor BUFZ 32, L_0x55980ef071d0, C4<00000000000000000000000000000000>, C4<00000000000000000000000000000000>, C4<00000000000000000000000000000000>;
v0x55980eee6bb0 .array "RAM", 0 63, 31 0;
v0x55980eee6c90_0 .net *"_s0", 31 0, L_0x55980ef071d0;  1 drivers
v0x55980eee6d70_0 .net *"_s3", 29 0, L_0x55980ef07270;  1 drivers
v0x55980eee6e30_0 .net "a", 31 0, v0x55980eeeb180_0;  alias, 1 drivers
v0x55980eee6f10_0 .net "clk", 0 0, v0x55980eef43f0_0;  alias, 1 drivers
v0x55980eee7020_0 .net "rd", 31 0, L_0x55980ef07470;  alias, 1 drivers
v0x55980eee7100_0 .net "wd", 31 0, L_0x55980ef065d0;  alias, 1 drivers
v0x55980eee71e0_0 .net "we", 0 0, L_0x55980eef4af0;  alias, 1 drivers
E_0x55980ee35d10 .event posedge, v0x55980eee6f10_0;
L_0x55980ef071d0 .array/port v0x55980eee6bb0, L_0x55980ef07270;
L_0x55980ef07270 .part v0x55980eeeb180_0, 2, 30;
S_0x55980eee7340 .scope module, "imem" "instructionMemory" 4 10, 6 2 0, S_0x55980eee67e0;
 .timescale 0 0;
    .port_info 0 /INPUT 6 "a"
    .port_info 1 /OUTPUT 32 "rd"
L_0x55980eef5300 .functor BUFZ 32, L_0x55980ef06ff0, C4<00000000000000000000000000000000>, C4<00000000000000000000000000000000>, C4<00000000000000000000000000000000>;
v0x55980eee7530 .array "RAM", 17 0, 31 0;
v0x55980eee7610_0 .net *"_s0", 31 0, L_0x55980ef06ff0;  1 drivers
v0x55980eee76f0_0 .net "a", 5 0, L_0x55980ef070e0;  1 drivers
v0x55980eee77b0_0 .net "rd", 31 0, L_0x55980eef5300;  alias, 1 drivers
L_0x55980ef06ff0 .array/port v0x55980eee7530, L_0x55980ef070e0;
S_0x55980eee78f0 .scope module, "mips" "mips" 4 9, 7 2 0, S_0x55980eee67e0;
 .timescale 0 0;
    .port_info 0 /INPUT 1 "clk"
    .port_info 1 /INPUT 1 "reset"
    .port_info 2 /OUTPUT 32 "pc"
    .port_info 3 /INPUT 32 "instr"
    .port_info 4 /OUTPUT 1 "memwrite"
    .port_info 5 /OUTPUT 32 "aluout"
    .port_info 6 /OUTPUT 32 "writedata"
    .port_info 7 /INPUT 32 "readdata"
v0x55980eef2bc0_0 .net "alucontrol", 3 0, v0x55980eee7f90_0;  1 drivers
v0x55980eef2ca0_0 .net "aluout", 31 0, v0x55980eeeb180_0;  alias, 1 drivers
v0x55980eef2df0_0 .net "alusrc", 0 0, L_0x55980eef4920;  1 drivers
v0x55980eef2e90_0 .net "clk", 0 0, v0x55980eef43f0_0;  alias, 1 drivers
v0x55980eef2fc0_0 .net "instr", 31 0, L_0x55980eef5300;  alias, 1 drivers
v0x55980eef3060_0 .net "jump", 0 0, L_0x55980eef4c70;  1 drivers
v0x55980eef3190_0 .net "memtoreg", 0 0, L_0x55980eef4b90;  1 drivers
v0x55980eef32c0_0 .net "memwrite", 0 0, L_0x55980eef4af0;  alias, 1 drivers
v0x55980eef3360_0 .net "pc", 31 0, v0x55980eeeda20_0;  alias, 1 drivers
v0x55980eef34b0_0 .net "pcsrc", 0 0, L_0x55980eef4f30;  1 drivers
v0x55980eef3550_0 .net "readdata", 31 0, L_0x55980ef07470;  alias, 1 drivers
v0x55980eef3610_0 .net "regdst", 0 0, L_0x55980eef4880;  1 drivers
v0x55980eef3740_0 .net "regwrite", 0 0, L_0x55980eef47e0;  1 drivers
v0x55980eef3870_0 .net "reset", 0 0, v0x55980eef4610_0;  alias, 1 drivers
v0x55980eef3910_0 .net "writedata", 31 0, L_0x55980ef065d0;  alias, 1 drivers
v0x55980eef3a60_0 .net "zero", 0 0, v0x55980eeeb220_0;  1 drivers
L_0x55980eef5070 .part L_0x55980eef5300, 26, 6;
L_0x55980eef51c0 .part L_0x55980eef5300, 0, 6;
S_0x55980eee7b40 .scope module, "c" "controller" 7 14, 8 2 0, S_0x55980eee78f0;
 .timescale 0 0;
    .port_info 0 /INPUT 6 "op"
    .port_info 1 /INPUT 6 "funct"
    .port_info 2 /INPUT 1 "zero"
    .port_info 3 /OUTPUT 1 "memtoreg"
    .port_info 4 /OUTPUT 1 "memwrite"
    .port_info 5 /OUTPUT 1 "pcsrc"
    .port_info 6 /OUTPUT 1 "alusrc"
    .port_info 7 /OUTPUT 1 "regdst"
    .port_info 8 /OUTPUT 1 "regwrite"
    .port_info 9 /OUTPUT 1 "jump"
    .port_info 10 /OUTPUT 4 "alucontrol"
L_0x55980eef4f30 .functor AND 1, L_0x55980eef49c0, v0x55980eeeb220_0, C4<1>, C4<1>;
v0x55980eee9010_0 .net "alucontrol", 3 0, v0x55980eee7f90_0;  alias, 1 drivers
v0x55980eee9120_0 .net "aluop", 1 0, L_0x55980eef4d10;  1 drivers
v0x55980eee91c0_0 .net "alusrc", 0 0, L_0x55980eef4920;  alias, 1 drivers
v0x55980eee9290_0 .net "branch", 0 0, L_0x55980eef49c0;  1 drivers
v0x55980eee9360_0 .net "funct", 5 0, L_0x55980eef51c0;  1 drivers
v0x55980eee9450_0 .net "jump", 0 0, L_0x55980eef4c70;  alias, 1 drivers
v0x55980eee9520_0 .net "memtoreg", 0 0, L_0x55980eef4b90;  alias, 1 drivers
v0x55980eee95f0_0 .net "memwrite", 0 0, L_0x55980eef4af0;  alias, 1 drivers
v0x55980eee96e0_0 .net "op", 5 0, L_0x55980eef5070;  1 drivers
v0x55980eee9810_0 .net "pcsrc", 0 0, L_0x55980eef4f30;  alias, 1 drivers
v0x55980eee98b0_0 .net "regdst", 0 0, L_0x55980eef4880;  alias, 1 drivers
v0x55980eee9980_0 .net "regwrite", 0 0, L_0x55980eef47e0;  alias, 1 drivers
v0x55980eee9a50_0 .net "zero", 0 0, v0x55980eeeb220_0;  alias, 1 drivers
S_0x55980eee7d10 .scope module, "ad" "aludec" 8 16, 9 1 0, S_0x55980eee7b40;
 .timescale 0 0;
    .port_info 0 /INPUT 6 "funct"
    .port_info 1 /INPUT 2 "aluop"
    .port_info 2 /OUTPUT 4 "alucontrol"
v0x55980eee7f90_0 .var "alucontrol", 3 0;
v0x55980eee8090_0 .net "aluop", 1 0, L_0x55980eef4d10;  alias, 1 drivers
v0x55980eee8170_0 .net "funct", 5 0, L_0x55980eef51c0;  alias, 1 drivers
E_0x55980eecd260 .event edge, v0x55980eee8090_0, v0x55980eee8170_0;
S_0x55980eee82e0 .scope module, "md" "maindec" 8 13, 10 2 0, S_0x55980eee7b40;
 .timescale 0 0;
    .port_info 0 /INPUT 6 "op"
    .port_info 1 /OUTPUT 1 "memtoreg"
    .port_info 2 /OUTPUT 1 "memwrite"
    .port_info 3 /OUTPUT 1 "branch"
    .port_info 4 /OUTPUT 1 "alusrc"
    .port_info 5 /OUTPUT 1 "regdst"
    .port_info 6 /OUTPUT 1 "regwrite"
    .port_info 7 /OUTPUT 1 "jump"
    .port_info 8 /OUTPUT 2 "aluop"
v0x55980eee8600_0 .net *"_s10", 8 0, v0x55980eee8960_0;  1 drivers
v0x55980eee8700_0 .net "aluop", 1 0, L_0x55980eef4d10;  alias, 1 drivers
v0x55980eee87f0_0 .net "alusrc", 0 0, L_0x55980eef4920;  alias, 1 drivers
v0x55980eee88c0_0 .net "branch", 0 0, L_0x55980eef49c0;  alias, 1 drivers
v0x55980eee8960_0 .var "controls", 8 0;
v0x55980eee8a90_0 .net "jump", 0 0, L_0x55980eef4c70;  alias, 1 drivers
v0x55980eee8b50_0 .net "memtoreg", 0 0, L_0x55980eef4b90;  alias, 1 drivers
v0x55980eee8c10_0 .net "memwrite", 0 0, L_0x55980eef4af0;  alias, 1 drivers
v0x55980eee8cb0_0 .net "op", 5 0, L_0x55980eef5070;  alias, 1 drivers
v0x55980eee8d70_0 .net "regdst", 0 0, L_0x55980eef4880;  alias, 1 drivers
v0x55980eee8e30_0 .net "regwrite", 0 0, L_0x55980eef47e0;  alias, 1 drivers
E_0x55980eecd2a0 .event edge, v0x55980eee8cb0_0;
L_0x55980eef47e0 .part v0x55980eee8960_0, 8, 1;
L_0x55980eef4880 .part v0x55980eee8960_0, 7, 1;
L_0x55980eef4920 .part v0x55980eee8960_0, 6, 1;
L_0x55980eef49c0 .part v0x55980eee8960_0, 5, 1;
L_0x55980eef4af0 .part v0x55980eee8960_0, 4, 1;
L_0x55980eef4b90 .part v0x55980eee8960_0, 3, 1;
L_0x55980eef4c70 .part v0x55980eee8960_0, 2, 1;
L_0x55980eef4d10 .part v0x55980eee8960_0, 0, 2;
S_0x55980eee9bb0 .scope module, "dp" "datapath" 7 18, 11 1 0, S_0x55980eee78f0;
 .timescale 0 0;
    .port_info 0 /INPUT 1 "clk"
    .port_info 1 /INPUT 1 "reset"
    .port_info 2 /INPUT 1 "memtoreg"
    .port_info 3 /INPUT 1 "pcsrc"
    .port_info 4 /INPUT 1 "alusrc"
    .port_info 5 /INPUT 1 "regdst"
    .port_info 6 /INPUT 1 "regwrite"
    .port_info 7 /INPUT 1 "jump"
    .port_info 8 /INPUT 4 "alucontrol"
    .port_info 9 /OUTPUT 1 "zero"
    .port_info 10 /OUTPUT 32 "pc"
    .port_info 11 /INPUT 32 "instr"
    .port_info 12 /OUTPUT 32 "aluout"
    .port_info 13 /OUTPUT 32 "writedata"
    .port_info 14 /INPUT 32 "readdata"
v0x55980eef1100_0 .net *"_s3", 3 0, L_0x55980ef05990;  1 drivers
v0x55980eef1200_0 .net *"_s5", 25 0, L_0x55980ef05a30;  1 drivers
L_0x7ff99385f0a8 .functor BUFT 1, C4<00>, C4<0>, C4<0>, C4<0>;
v0x55980eef12e0_0 .net/2u *"_s6", 1 0, L_0x7ff99385f0a8;  1 drivers
v0x55980eef13a0_0 .net "alucontrol", 3 0, v0x55980eee7f90_0;  alias, 1 drivers
v0x55980eef1460_0 .net "aluout", 31 0, v0x55980eeeb180_0;  alias, 1 drivers
v0x55980eef1570_0 .net "alusrc", 0 0, L_0x55980eef4920;  alias, 1 drivers
v0x55980eef1610_0 .net "clk", 0 0, v0x55980eef43f0_0;  alias, 1 drivers
v0x55980eef16b0_0 .net "instr", 31 0, L_0x55980eef5300;  alias, 1 drivers
v0x55980eef1770_0 .net "jump", 0 0, L_0x55980eef4c70;  alias, 1 drivers
v0x55980eef18a0_0 .net "memtoreg", 0 0, L_0x55980eef4b90;  alias, 1 drivers
v0x55980eef1940_0 .net "pc", 31 0, v0x55980eeeda20_0;  alias, 1 drivers
v0x55980eef19e0_0 .net "pcbranch", 31 0, L_0x55980ef055e0;  1 drivers
v0x55980eef1aa0_0 .net "pcnext", 31 0, L_0x55980ef05840;  1 drivers
v0x55980eef1bb0_0 .net "pcnextbr", 31 0, L_0x55980ef05710;  1 drivers
v0x55980eef1cc0_0 .net "pcplus4", 31 0, L_0x55980eef5260;  1 drivers
v0x55980eef1d80_0 .net "pcsrc", 0 0, L_0x55980eef4f30;  alias, 1 drivers
v0x55980eef1e70_0 .net "readdata", 31 0, L_0x55980ef07470;  alias, 1 drivers
v0x55980eef2090_0 .net "regdst", 0 0, L_0x55980eef4880;  alias, 1 drivers
v0x55980eef2130_0 .net "regwrite", 0 0, L_0x55980eef47e0;  alias, 1 drivers
v0x55980eef21d0_0 .net "reset", 0 0, v0x55980eef4610_0;  alias, 1 drivers
v0x55980eef2270_0 .net "result", 31 0, L_0x55980ef06cb0;  1 drivers
v0x55980eef2360_0 .net "signimm", 31 0, v0x55980eef0150_0;  1 drivers
v0x55980eef2420_0 .net "signimmsh", 31 0, L_0x55980ef05540;  1 drivers
v0x55980eef2530_0 .net "srca", 31 0, L_0x55980ef05f10;  1 drivers
v0x55980eef25f0_0 .net "srcb", 31 0, L_0x55980ef06e40;  1 drivers
v0x55980eef2740_0 .net "writedata", 31 0, L_0x55980ef065d0;  alias, 1 drivers
v0x55980eef2800_0 .net "writereg", 4 0, L_0x55980ef069f0;  1 drivers
v0x55980eef28c0_0 .net "zero", 0 0, v0x55980eeeb220_0;  alias, 1 drivers
L_0x55980ef05990 .part L_0x55980eef5260, 28, 4;
L_0x55980ef05a30 .part L_0x55980eef5300, 0, 26;
L_0x55980ef05ad0 .concat [ 2 26 4 0], L_0x7ff99385f0a8, L_0x55980ef05a30, L_0x55980ef05990;
L_0x55980ef06770 .part L_0x55980eef5300, 21, 5;
L_0x55980ef06840 .part L_0x55980eef5300, 16, 5;
L_0x55980ef06a90 .part L_0x55980eef5300, 16, 5;
L_0x55980ef06bc0 .part L_0x55980eef5300, 11, 5;
L_0x55980ef06d50 .part L_0x55980eef5300, 0, 16;
S_0x55980eee9f40 .scope module, "alu" "alu" 11 42, 12 1 0, S_0x55980eee9bb0;
 .timescale 0 0;
    .port_info 0 /INPUT 32 "A"
    .port_info 1 /INPUT 32 "B"
    .port_info 2 /INPUT 4 "aluOp"
    .port_info 3 /OUTPUT 32 "Result"
    .port_info 4 /OUTPUT 1 "Zero"
v0x55980eeeaf40_0 .net "A", 31 0, L_0x55980ef05f10;  alias, 1 drivers
v0x55980eeeb070_0 .net "B", 31 0, L_0x55980ef06e40;  alias, 1 drivers
v0x55980eeeb180_0 .var "Result", 31 0;
v0x55980eeeb220_0 .var "Zero", 0 0;
v0x55980eeeb2c0_0 .net "aluOp", 3 0, v0x55980eee7f90_0;  alias, 1 drivers
v0x55980eeeb440_0 .net "result_arithmetic", 31 0, v0x55980eeea6d0_0;  1 drivers
v0x55980eeeb4e0_0 .net "result_logic", 31 0, v0x55980eeead00_0;  1 drivers
E_0x55980eeea1c0 .event edge, v0x55980eee7f90_0, v0x55980eeead00_0, v0x55980eeea6d0_0, v0x55980eee6e30_0;
S_0x55980eeea250 .scope module, "AritmeticalPart" "arithmetic" 12 10, 13 1 0, S_0x55980eee9f40;
 .timescale 0 0;
    .port_info 0 /INPUT 32 "A"
    .port_info 1 /INPUT 32 "B"
    .port_info 2 /INPUT 4 "aluOp"
    .port_info 3 /OUTPUT 32 "Result"
v0x55980eeea4f0_0 .net "A", 31 0, L_0x55980ef05f10;  alias, 1 drivers
v0x55980eeea5f0_0 .net "B", 31 0, L_0x55980ef06e40;  alias, 1 drivers
v0x55980eeea6d0_0 .var "Result", 31 0;
v0x55980eeea7c0_0 .net "aluOp", 3 0, v0x55980eee7f90_0;  alias, 1 drivers
E_0x55980eeea470 .event edge, v0x55980eee7f90_0, v0x55980eeea4f0_0, v0x55980eeea5f0_0;
S_0x55980eeea950 .scope module, "LogicalPart" "logical" 12 11, 14 1 0, S_0x55980eee9f40;
 .timescale 0 0;
    .port_info 0 /INPUT 32 "A"
    .port_info 1 /INPUT 32 "B"
    .port_info 2 /INPUT 4 "aluOp"
    .port_info 3 /OUTPUT 32 "Result"
v0x55980eeeab40_0 .net "A", 31 0, L_0x55980ef05f10;  alias, 1 drivers
v0x55980eeeac30_0 .net "B", 31 0, L_0x55980ef06e40;  alias, 1 drivers
v0x55980eeead00_0 .var "Result", 31 0;
v0x55980eeeadd0_0 .net "aluOp", 3 0, v0x55980eee7f90_0;  alias, 1 drivers
S_0x55980eeeb660 .scope module, "immsh" "sl2" 11 21, 15 2 0, S_0x55980eee9bb0;
 .timescale 0 0;
    .port_info 0 /INPUT 32 "a"
    .port_info 1 /OUTPUT 32 "y"
v0x55980eeeb840_0 .net *"_s1", 29 0, L_0x55980ef05410;  1 drivers
L_0x7ff99385f060 .functor BUFT 1, C4<00>, C4<0>, C4<0>, C4<0>;
v0x55980eeeb940_0 .net/2u *"_s2", 1 0, L_0x7ff99385f060;  1 drivers
v0x55980eeeba20_0 .net "a", 31 0, v0x55980eef0150_0;  alias, 1 drivers
v0x55980eeebae0_0 .net "y", 31 0, L_0x55980ef05540;  alias, 1 drivers
L_0x55980ef05410 .part v0x55980eef0150_0, 0, 30;
L_0x55980ef05540 .concat [ 2 30 0 0], L_0x7ff99385f060, L_0x55980ef05410;
S_0x55980eeebc20 .scope module, "pcadd1" "adder" 11 20, 16 2 0, S_0x55980eee9bb0;
 .timescale 0 0;
    .port_info 0 /INPUT 32 "a"
    .port_info 1 /INPUT 32 "b"
    .port_info 2 /OUTPUT 32 "y"
v0x55980eeebe70_0 .net "a", 31 0, v0x55980eeeda20_0;  alias, 1 drivers
L_0x7ff99385f018 .functor BUFT 1, C4<00000000000000000000000000000100>, C4<0>, C4<0>, C4<0>;
v0x55980eeebf50_0 .net "b", 31 0, L_0x7ff99385f018;  1 drivers
v0x55980eeec030_0 .net "y", 31 0, L_0x55980eef5260;  alias, 1 drivers
L_0x55980eef5260 .arith/sum 32, v0x55980eeeda20_0, L_0x7ff99385f018;
S_0x55980eeec1a0 .scope module, "pcadd2" "adder" 11 22, 16 2 0, S_0x55980eee9bb0;
 .timescale 0 0;
    .port_info 0 /INPUT 32 "a"
    .port_info 1 /INPUT 32 "b"
    .port_info 2 /OUTPUT 32 "y"
v0x55980eeec3c0_0 .net "a", 31 0, L_0x55980eef5260;  alias, 1 drivers
v0x55980eeec4d0_0 .net "b", 31 0, L_0x55980ef05540;  alias, 1 drivers
v0x55980eeec5a0_0 .net "y", 31 0, L_0x55980ef055e0;  alias, 1 drivers
L_0x55980ef055e0 .arith/sum 32, L_0x55980eef5260, L_0x55980ef05540;
S_0x55980eeec6f0 .scope module, "pcbrmux" "mux2" 11 23, 17 2 0, S_0x55980eee9bb0;
 .timescale 0 0;
    .port_info 0 /INPUT 32 "d0"
    .port_info 1 /INPUT 32 "d1"
    .port_info 2 /INPUT 1 "s"
    .port_info 3 /OUTPUT 32 "y"
P_0x55980eeec910 .param/l "WIDTH" 0 17 2, +C4<00000000000000000000000000100000>;
v0x55980eeeca70_0 .net "d0", 31 0, L_0x55980eef5260;  alias, 1 drivers
v0x55980eeecb80_0 .net "d1", 31 0, L_0x55980ef055e0;  alias, 1 drivers
v0x55980eeecc40_0 .net "s", 0 0, L_0x55980eef4f30;  alias, 1 drivers
v0x55980eeecd40_0 .net "y", 31 0, L_0x55980ef05710;  alias, 1 drivers
L_0x55980ef05710 .functor MUXZ 32, L_0x55980eef5260, L_0x55980ef055e0, L_0x55980eef4f30, C4<>;
S_0x55980eeece70 .scope module, "pcmux" "mux2" 11 25, 17 2 0, S_0x55980eee9bb0;
 .timescale 0 0;
    .port_info 0 /INPUT 32 "d0"
    .port_info 1 /INPUT 32 "d1"
    .port_info 2 /INPUT 1 "s"
    .port_info 3 /OUTPUT 32 "y"
P_0x55980eeed040 .param/l "WIDTH" 0 17 2, +C4<00000000000000000000000000100000>;
v0x55980eeed110_0 .net "d0", 31 0, L_0x55980ef05710;  alias, 1 drivers
v0x55980eeed220_0 .net "d1", 31 0, L_0x55980ef05ad0;  1 drivers
v0x55980eeed2e0_0 .net "s", 0 0, L_0x55980eef4c70;  alias, 1 drivers
v0x55980eeed400_0 .net "y", 31 0, L_0x55980ef05840;  alias, 1 drivers
L_0x55980ef05840 .functor MUXZ 32, L_0x55980ef05710, L_0x55980ef05ad0, L_0x55980eef4c70, C4<>;
S_0x55980eeed540 .scope module, "pcreg" "flopr" 11 19, 18 2 0, S_0x55980eee9bb0;
 .timescale 0 0;
    .port_info 0 /INPUT 1 "clk"
    .port_info 1 /INPUT 1 "reset"
    .port_info 2 /INPUT 32 "d"
    .port_info 3 /OUTPUT 32 "q"
P_0x55980eeed710 .param/l "WIDTH" 0 18 2, +C4<00000000000000000000000000100000>;
v0x55980eeed860_0 .net "clk", 0 0, v0x55980eef43f0_0;  alias, 1 drivers
v0x55980eeed950_0 .net "d", 31 0, L_0x55980ef05840;  alias, 1 drivers
v0x55980eeeda20_0 .var "q", 31 0;
v0x55980eeedb20_0 .net "reset", 0 0, v0x55980eef4610_0;  alias, 1 drivers
E_0x55980eeed7e0 .event posedge, v0x55980eeedb20_0, v0x55980eee6f10_0;
S_0x55980eeedc50 .scope module, "resmux" "mux2" 11 35, 17 2 0, S_0x55980eee9bb0;
 .timescale 0 0;
    .port_info 0 /INPUT 32 "d0"
    .port_info 1 /INPUT 32 "d1"
    .port_info 2 /INPUT 1 "s"
    .port_info 3 /OUTPUT 32 "y"
P_0x55980eeede20 .param/l "WIDTH" 0 17 2, +C4<00000000000000000000000000100000>;
v0x55980eeedef0_0 .net "d0", 31 0, v0x55980eeeb180_0;  alias, 1 drivers
v0x55980eeee020_0 .net "d1", 31 0, L_0x55980ef07470;  alias, 1 drivers
v0x55980eeee0e0_0 .net "s", 0 0, L_0x55980eef4b90;  alias, 1 drivers
v0x55980eeee200_0 .net "y", 31 0, L_0x55980ef06cb0;  alias, 1 drivers
L_0x55980ef06cb0 .functor MUXZ 32, v0x55980eeeb180_0, L_0x55980ef07470, L_0x55980eef4b90, C4<>;
S_0x55980eeee320 .scope module, "rf" "regfile" 11 30, 19 2 0, S_0x55980eee9bb0;
 .timescale 0 0;
    .port_info 0 /INPUT 1 "clk"
    .port_info 1 /INPUT 1 "we3"
    .port_info 2 /INPUT 5 "ra1"
    .port_info 3 /INPUT 5 "ra2"
    .port_info 4 /INPUT 5 "wa3"
    .port_info 5 /INPUT 32 "wd3"
    .port_info 6 /OUTPUT 32 "rd1"
    .port_info 7 /OUTPUT 32 "rd2"
v0x55980eeee5c0_0 .net *"_s0", 31 0, L_0x55980ef05b70;  1 drivers
v0x55980eeee6c0_0 .net *"_s10", 6 0, L_0x55980ef05d50;  1 drivers
L_0x7ff99385f180 .functor BUFT 1, C4<00>, C4<0>, C4<0>, C4<0>;
v0x55980eeee7a0_0 .net *"_s13", 1 0, L_0x7ff99385f180;  1 drivers
L_0x7ff99385f1c8 .functor BUFT 1, C4<00000000000000000000000000000000>, C4<0>, C4<0>, C4<0>;
v0x55980eeee860_0 .net/2u *"_s14", 31 0, L_0x7ff99385f1c8;  1 drivers
v0x55980eeee940_0 .net *"_s18", 31 0, L_0x55980ef060a0;  1 drivers
L_0x7ff99385f210 .functor BUFT 1, C4<000000000000000000000000000>, C4<0>, C4<0>, C4<0>;
v0x55980eeeea70_0 .net *"_s21", 26 0, L_0x7ff99385f210;  1 drivers
L_0x7ff99385f258 .functor BUFT 1, C4<00000000000000000000000000000000>, C4<0>, C4<0>, C4<0>;
v0x55980eeeeb50_0 .net/2u *"_s22", 31 0, L_0x7ff99385f258;  1 drivers
v0x55980eeeec30_0 .net *"_s24", 0 0, L_0x55980ef06260;  1 drivers
v0x55980eeeecf0_0 .net *"_s26", 31 0, L_0x55980ef06350;  1 drivers
v0x55980eeeee60_0 .net *"_s28", 6 0, L_0x55980ef06440;  1 drivers
L_0x7ff99385f0f0 .functor BUFT 1, C4<000000000000000000000000000>, C4<0>, C4<0>, C4<0>;
v0x55980eeeef40_0 .net *"_s3", 26 0, L_0x7ff99385f0f0;  1 drivers
L_0x7ff99385f2a0 .functor BUFT 1, C4<00>, C4<0>, C4<0>, C4<0>;
v0x55980eeef020_0 .net *"_s31", 1 0, L_0x7ff99385f2a0;  1 drivers
L_0x7ff99385f2e8 .functor BUFT 1, C4<00000000000000000000000000000000>, C4<0>, C4<0>, C4<0>;
v0x55980eeef100_0 .net/2u *"_s32", 31 0, L_0x7ff99385f2e8;  1 drivers
L_0x7ff99385f138 .functor BUFT 1, C4<00000000000000000000000000000000>, C4<0>, C4<0>, C4<0>;
v0x55980eeef1e0_0 .net/2u *"_s4", 31 0, L_0x7ff99385f138;  1 drivers
v0x55980eeef2c0_0 .net *"_s6", 0 0, L_0x55980ef05c10;  1 drivers
v0x55980eeef380_0 .net *"_s8", 31 0, L_0x55980ef05cb0;  1 drivers
v0x55980eeef460_0 .net "clk", 0 0, v0x55980eef43f0_0;  alias, 1 drivers
v0x55980eeef500_0 .net "ra1", 4 0, L_0x55980ef06770;  1 drivers
v0x55980eeef5e0_0 .net "ra2", 4 0, L_0x55980ef06840;  1 drivers
v0x55980eeef6c0_0 .net "rd1", 31 0, L_0x55980ef05f10;  alias, 1 drivers
v0x55980eeef780_0 .net "rd2", 31 0, L_0x55980ef065d0;  alias, 1 drivers
v0x55980eeef840 .array "rf", 0 31, 31 0;
v0x55980eeef8e0_0 .net "wa3", 4 0, L_0x55980ef069f0;  alias, 1 drivers
v0x55980eeef9c0_0 .net "wd3", 31 0, L_0x55980ef06cb0;  alias, 1 drivers
v0x55980eeefa80_0 .net "we3", 0 0, L_0x55980eef47e0;  alias, 1 drivers
L_0x55980ef05b70 .concat [ 5 27 0 0], L_0x55980ef06770, L_0x7ff99385f0f0;
L_0x55980ef05c10 .cmp/ne 32, L_0x55980ef05b70, L_0x7ff99385f138;
L_0x55980ef05cb0 .array/port v0x55980eeef840, L_0x55980ef05d50;
L_0x55980ef05d50 .concat [ 5 2 0 0], L_0x55980ef06770, L_0x7ff99385f180;
L_0x55980ef05f10 .functor MUXZ 32, L_0x7ff99385f1c8, L_0x55980ef05cb0, L_0x55980ef05c10, C4<>;
L_0x55980ef060a0 .concat [ 5 27 0 0], L_0x55980ef06840, L_0x7ff99385f210;
L_0x55980ef06260 .cmp/ne 32, L_0x55980ef060a0, L_0x7ff99385f258;
L_0x55980ef06350 .array/port v0x55980eeef840, L_0x55980ef06440;
L_0x55980ef06440 .concat [ 5 2 0 0], L_0x55980ef06840, L_0x7ff99385f2a0;
L_0x55980ef065d0 .functor MUXZ 32, L_0x7ff99385f2e8, L_0x55980ef06350, L_0x55980ef06260, C4<>;
S_0x55980eeefca0 .scope module, "se" "signext" 11 37, 20 2 0, S_0x55980eee9bb0;
 .timescale 0 0;
    .port_info 0 /INPUT 16 "a"
    .port_info 1 /INPUT 1 "alusrc"
    .port_info 2 /INPUT 4 "instr"
    .port_info 3 /OUTPUT 32 "y"
v0x55980eeefea0_0 .net "a", 15 0, L_0x55980ef06d50;  1 drivers
v0x55980eeeffa0_0 .net "alusrc", 0 0, L_0x55980eef4920;  alias, 1 drivers
v0x55980eef00b0_0 .net "instr", 3 0, v0x55980eee7f90_0;  alias, 1 drivers
v0x55980eef0150_0 .var "y", 31 0;
E_0x55980eeefe20 .event edge, v0x55980eee87f0_0, v0x55980eee7f90_0, v0x55980eeefea0_0;
S_0x55980eef02b0 .scope module, "srcbmux" "mux2" 11 40, 17 2 0, S_0x55980eee9bb0;
 .timescale 0 0;
    .port_info 0 /INPUT 32 "d0"
    .port_info 1 /INPUT 32 "d1"
    .port_info 2 /INPUT 1 "s"
    .port_info 3 /OUTPUT 32 "y"
P_0x55980eef0480 .param/l "WIDTH" 0 17 2, +C4<00000000000000000000000000100000>;
v0x55980eef05c0_0 .net "d0", 31 0, L_0x55980ef065d0;  alias, 1 drivers
v0x55980eef06f0_0 .net "d1", 31 0, v0x55980eef0150_0;  alias, 1 drivers
v0x55980eef0800_0 .net "s", 0 0, L_0x55980eef4920;  alias, 1 drivers
v0x55980eef08a0_0 .net "y", 31 0, L_0x55980ef06e40;  alias, 1 drivers
L_0x55980ef06e40 .functor MUXZ 32, L_0x55980ef065d0, v0x55980eef0150_0, L_0x55980eef4920, C4<>;
S_0x55980eef09c0 .scope module, "wrmux" "mux2" 11 33, 17 2 0, S_0x55980eee9bb0;
 .timescale 0 0;
    .port_info 0 /INPUT 5 "d0"
    .port_info 1 /INPUT 5 "d1"
    .port_info 2 /INPUT 1 "s"
    .port_info 3 /OUTPUT 5 "y"
P_0x55980eef0b90 .param/l "WIDTH" 0 17 2, +C4<00000000000000000000000000000101>;
v0x55980eef0cd0_0 .net "d0", 4 0, L_0x55980ef06a90;  1 drivers
v0x55980eef0dd0_0 .net "d1", 4 0, L_0x55980ef06bc0;  1 drivers
v0x55980eef0eb0_0 .net "s", 0 0, L_0x55980eef4880;  alias, 1 drivers
v0x55980eef0fd0_0 .net "y", 4 0, L_0x55980ef069f0;  alias, 1 drivers
L_0x55980ef069f0 .functor MUXZ 5, L_0x55980ef06a90, L_0x55980ef06bc0, L_0x55980eef4880, C4<>;
    .scope S_0x55980eec2060;
T_0 ;
    %wait E_0x55980ee73a80;
    %load/vec4 v0x55980eee6640_0;
    %flag_set/vec4 8;
    %jmp/0xz  T_0.0, 8;
    %pushi/vec4 0, 0, 8;
    %assign/vec4 v0x55980eee6560_0, 0;
    %jmp T_0.1;
T_0.0 ;
    %load/vec4 v0x55980eecb030_0;
    %flag_set/vec4 8;
    %jmp/0xz  T_0.2, 8;
    %load/vec4 v0x55980eec73b0_0;
    %assign/vec4 v0x55980eee6560_0, 0;
T_0.2 ;
T_0.1 ;
    %jmp T_0;
    .thread T_0;
    .scope S_0x55980eee82e0;
T_1 ;
    %wait E_0x55980eecd2a0;
    %load/vec4 v0x55980eee8cb0_0;
    %dup/vec4;
    %pushi/vec4 0, 0, 6;
    %cmp/u;
    %jmp/1 T_1.0, 6;
    %dup/vec4;
    %pushi/vec4 35, 0, 6;
    %cmp/u;
    %jmp/1 T_1.1, 6;
    %dup/vec4;
    %pushi/vec4 43, 0, 6;
    %cmp/u;
    %jmp/1 T_1.2, 6;
    %dup/vec4;
    %pushi/vec4 4, 0, 6;
    %cmp/u;
    %jmp/1 T_1.3, 6;
    %dup/vec4;
    %pushi/vec4 5, 0, 6;
    %cmp/u;
    %jmp/1 T_1.4, 6;
    %dup/vec4;
    %pushi/vec4 8, 0, 6;
    %cmp/u;
    %jmp/1 T_1.5, 6;
    %dup/vec4;
    %pushi/vec4 13, 0, 6;
    %cmp/u;
    %jmp/1 T_1.6, 6;
    %dup/vec4;
    %pushi/vec4 2, 0, 6;
    %cmp/u;
    %jmp/1 T_1.7, 6;
    %pushi/vec4 511, 511, 9;
    %assign/vec4 v0x55980eee8960_0, 0;
    %jmp T_1.9;
T_1.0 ;
    %pushi/vec4 386, 0, 9;
    %assign/vec4 v0x55980eee8960_0, 0;
    %jmp T_1.9;
T_1.1 ;
    %pushi/vec4 328, 0, 9;
    %assign/vec4 v0x55980eee8960_0, 0;
    %jmp T_1.9;
T_1.2 ;
    %pushi/vec4 80, 0, 9;
    %assign/vec4 v0x55980eee8960_0, 0;
    %jmp T_1.9;
T_1.3 ;
    %pushi/vec4 33, 0, 9;
    %assign/vec4 v0x55980eee8960_0, 0;
    %jmp T_1.9;
T_1.4 ;
    %pushi/vec4 34, 0, 9;
    %assign/vec4 v0x55980eee8960_0, 0;
    %jmp T_1.9;
T_1.5 ;
    %pushi/vec4 320, 0, 9;
    %assign/vec4 v0x55980eee8960_0, 0;
    %jmp T_1.9;
T_1.6 ;
    %pushi/vec4 323, 0, 9;
    %assign/vec4 v0x55980eee8960_0, 0;
    %jmp T_1.9;
T_1.7 ;
    %pushi/vec4 4, 0, 9;
    %assign/vec4 v0x55980eee8960_0, 0;
    %jmp T_1.9;
T_1.9 ;
    %pop/vec4 1;
    %jmp T_1;
    .thread T_1, $push;
    .scope S_0x55980eee7d10;
T_2 ;
    %wait E_0x55980eecd260;
    %load/vec4 v0x55980eee8090_0;
    %dup/vec4;
    %pushi/vec4 0, 0, 2;
    %cmp/u;
    %jmp/1 T_2.0, 6;
    %dup/vec4;
    %pushi/vec4 1, 0, 2;
    %cmp/u;
    %jmp/1 T_2.1, 6;
    %dup/vec4;
    %pushi/vec4 3, 0, 2;
    %cmp/u;
    %jmp/1 T_2.2, 6;
    %load/vec4 v0x55980eee8170_0;
    %dup/vec4;
    %pushi/vec4 32, 0, 6;
    %cmp/u;
    %jmp/1 T_2.5, 6;
    %dup/vec4;
    %pushi/vec4 34, 0, 6;
    %cmp/u;
    %jmp/1 T_2.6, 6;
    %dup/vec4;
    %pushi/vec4 36, 0, 6;
    %cmp/u;
    %jmp/1 T_2.7, 6;
    %dup/vec4;
    %pushi/vec4 37, 0, 6;
    %cmp/u;
    %jmp/1 T_2.8, 6;
    %dup/vec4;
    %pushi/vec4 38, 0, 6;
    %cmp/u;
    %jmp/1 T_2.9, 6;
    %dup/vec4;
    %pushi/vec4 39, 0, 6;
    %cmp/u;
    %jmp/1 T_2.10, 6;
    %dup/vec4;
    %pushi/vec4 42, 0, 6;
    %cmp/u;
    %jmp/1 T_2.11, 6;
    %pushi/vec4 15, 15, 4;
    %assign/vec4 v0x55980eee7f90_0, 0;
    %jmp T_2.13;
T_2.5 ;
    %pushi/vec4 0, 0, 4;
    %assign/vec4 v0x55980eee7f90_0, 0;
    %jmp T_2.13;
T_2.6 ;
    %pushi/vec4 2, 0, 4;
    %assign/vec4 v0x55980eee7f90_0, 0;
    %jmp T_2.13;
T_2.7 ;
    %pushi/vec4 4, 0, 4;
    %assign/vec4 v0x55980eee7f90_0, 0;
    %jmp T_2.13;
T_2.8 ;
    %pushi/vec4 5, 0, 4;
    %assign/vec4 v0x55980eee7f90_0, 0;
    %jmp T_2.13;
T_2.9 ;
    %pushi/vec4 6, 0, 4;
    %assign/vec4 v0x55980eee7f90_0, 0;
    %jmp T_2.13;
T_2.10 ;
    %pushi/vec4 7, 0, 4;
    %assign/vec4 v0x55980eee7f90_0, 0;
    %jmp T_2.13;
T_2.11 ;
    %pushi/vec4 10, 0, 4;
    %assign/vec4 v0x55980eee7f90_0, 0;
    %jmp T_2.13;
T_2.13 ;
    %pop/vec4 1;
    %jmp T_2.4;
T_2.0 ;
    %pushi/vec4 0, 0, 4;
    %assign/vec4 v0x55980eee7f90_0, 0;
    %jmp T_2.4;
T_2.1 ;
    %pushi/vec4 2, 0, 4;
    %assign/vec4 v0x55980eee7f90_0, 0;
    %jmp T_2.4;
T_2.2 ;
    %pushi/vec4 5, 0, 4;
    %assign/vec4 v0x55980eee7f90_0, 0;
    %jmp T_2.4;
T_2.4 ;
    %pop/vec4 1;
    %jmp T_2;
    .thread T_2, $push;
    .scope S_0x55980eeed540;
T_3 ;
    %wait E_0x55980eeed7e0;
    %load/vec4 v0x55980eeedb20_0;
    %flag_set/vec4 8;
    %jmp/0xz  T_3.0, 8;
    %pushi/vec4 0, 0, 32;
    %assign/vec4 v0x55980eeeda20_0, 0;
    %jmp T_3.1;
T_3.0 ;
    %load/vec4 v0x55980eeed950_0;
    %assign/vec4 v0x55980eeeda20_0, 0;
T_3.1 ;
    %jmp T_3;
    .thread T_3;
    .scope S_0x55980eeee320;
T_4 ;
    %wait E_0x55980ee35d10;
    %load/vec4 v0x55980eeefa80_0;
    %flag_set/vec4 8;
    %jmp/0xz  T_4.0, 8;
    %load/vec4 v0x55980eeef9c0_0;
    %load/vec4 v0x55980eeef8e0_0;
    %pad/u 7;
    %ix/vec4 3;
    %ix/load 4, 0, 0; Constant delay
    %assign/vec4/a/d v0x55980eeef840, 0, 4;
T_4.0 ;
    %jmp T_4;
    .thread T_4;
    .scope S_0x55980eeefca0;
T_5 ;
    %wait E_0x55980eeefe20;
    %load/vec4 v0x55980eeeffa0_0;
    %pushi/vec4 1, 0, 1;
    %cmp/e;
    %flag_get/vec4 4;
    %load/vec4 v0x55980eef00b0_0;
    %pushi/vec4 5, 0, 4;
    %cmp/e;
    %flag_get/vec4 4;
    %and;
    %flag_set/vec4 8;
    %jmp/0xz  T_5.0, 8;
    %pushi/vec4 0, 0, 16;
    %load/vec4 v0x55980eeefea0_0;
    %concat/vec4; draw_concat_vec4
    %store/vec4 v0x55980eef0150_0, 0, 32;
    %jmp T_5.1;
T_5.0 ;
    %load/vec4 v0x55980eeefea0_0;
    %parti/s 1, 15, 5;
    %replicate 16;
    %load/vec4 v0x55980eeefea0_0;
    %concat/vec4; draw_concat_vec4
    %store/vec4 v0x55980eef0150_0, 0, 32;
T_5.1 ;
    %jmp T_5;
    .thread T_5, $push;
    .scope S_0x55980eeea250;
T_6 ;
    %wait E_0x55980eeea470;
    %load/vec4 v0x55980eeea7c0_0;
    %dup/vec4;
    %pushi/vec4 0, 0, 4;
    %cmp/u;
    %jmp/1 T_6.0, 6;
    %dup/vec4;
    %pushi/vec4 2, 0, 4;
    %cmp/u;
    %jmp/1 T_6.1, 6;
    %dup/vec4;
    %pushi/vec4 10, 0, 4;
    %cmp/u;
    %jmp/1 T_6.2, 6;
    %load/vec4 v0x55980eeea4f0_0;
    %load/vec4 v0x55980eeea5f0_0;
    %add;
    %store/vec4 v0x55980eeea6d0_0, 0, 32;
    %jmp T_6.4;
T_6.0 ;
    %load/vec4 v0x55980eeea4f0_0;
    %load/vec4 v0x55980eeea5f0_0;
    %add;
    %store/vec4 v0x55980eeea6d0_0, 0, 32;
    %jmp T_6.4;
T_6.1 ;
    %load/vec4 v0x55980eeea4f0_0;
    %load/vec4 v0x55980eeea5f0_0;
    %sub;
    %store/vec4 v0x55980eeea6d0_0, 0, 32;
    %jmp T_6.4;
T_6.2 ;
    %load/vec4 v0x55980eeea4f0_0;
    %load/vec4 v0x55980eeea5f0_0;
    %cmp/u;
    %flag_mov 8, 5;
    %jmp/0 T_6.5, 8;
    %pushi/vec4 1, 0, 32;
    %jmp/1 T_6.6, 8;
T_6.5 ; End of true expr.
    %pushi/vec4 0, 0, 32;
    %jmp/0 T_6.6, 8;
 ; End of false expr.
    %blend;
T_6.6;
    %store/vec4 v0x55980eeea6d0_0, 0, 32;
    %jmp T_6.4;
T_6.4 ;
    %pop/vec4 1;
    %jmp T_6;
    .thread T_6, $push;
    .scope S_0x55980eeea950;
T_7 ;
    %wait E_0x55980eeea470;
    %load/vec4 v0x55980eeeadd0_0;
    %dup/vec4;
    %pushi/vec4 4, 0, 4;
    %cmp/u;
    %jmp/1 T_7.0, 6;
    %dup/vec4;
    %pushi/vec4 5, 0, 4;
    %cmp/u;
    %jmp/1 T_7.1, 6;
    %dup/vec4;
    %pushi/vec4 6, 0, 4;
    %cmp/u;
    %jmp/1 T_7.2, 6;
    %dup/vec4;
    %pushi/vec4 7, 0, 4;
    %cmp/u;
    %jmp/1 T_7.3, 6;
    %jmp T_7.4;
T_7.0 ;
    %load/vec4 v0x55980eeeab40_0;
    %load/vec4 v0x55980eeeac30_0;
    %and;
    %store/vec4 v0x55980eeead00_0, 0, 32;
    %jmp T_7.4;
T_7.1 ;
    %load/vec4 v0x55980eeeab40_0;
    %load/vec4 v0x55980eeeac30_0;
    %or;
    %store/vec4 v0x55980eeead00_0, 0, 32;
    %jmp T_7.4;
T_7.2 ;
    %load/vec4 v0x55980eeeab40_0;
    %load/vec4 v0x55980eeeac30_0;
    %xor;
    %store/vec4 v0x55980eeead00_0, 0, 32;
    %jmp T_7.4;
T_7.3 ;
    %load/vec4 v0x55980eeeab40_0;
    %load/vec4 v0x55980eeeac30_0;
    %or;
    %inv;
    %store/vec4 v0x55980eeead00_0, 0, 32;
    %jmp T_7.4;
T_7.4 ;
    %pop/vec4 1;
    %jmp T_7;
    .thread T_7, $push;
    .scope S_0x55980eee9f40;
T_8 ;
    %wait E_0x55980eeea1c0;
    %load/vec4 v0x55980eeeb2c0_0;
    %parti/s 1, 2, 3;
    %dup/vec4;
    %pushi/vec4 1, 0, 1;
    %cmp/u;
    %jmp/1 T_8.0, 6;
    %dup/vec4;
    %pushi/vec4 0, 0, 1;
    %cmp/u;
    %jmp/1 T_8.1, 6;
    %jmp T_8.2;
T_8.0 ;
    %load/vec4 v0x55980eeeb4e0_0;
    %store/vec4 v0x55980eeeb180_0, 0, 32;
    %jmp T_8.2;
T_8.1 ;
    %load/vec4 v0x55980eeeb440_0;
    %store/vec4 v0x55980eeeb180_0, 0, 32;
    %jmp T_8.2;
T_8.2 ;
    %pop/vec4 1;
    %load/vec4 v0x55980eeeb180_0;
    %cmpi/e 0, 0, 32;
    %jmp/0xz  T_8.3, 4;
    %pushi/vec4 1, 0, 1;
    %store/vec4 v0x55980eeeb220_0, 0, 1;
    %jmp T_8.4;
T_8.3 ;
    %pushi/vec4 0, 0, 1;
    %store/vec4 v0x55980eeeb220_0, 0, 1;
T_8.4 ;
    %jmp T_8;
    .thread T_8, $push;
    .scope S_0x55980eee7340;
T_9 ;
    %vpi_call 6 9 "$readmemh", "memfile2.data", v0x55980eee7530 {0 0 0};
    %end;
    .thread T_9;
    .scope S_0x55980eee6980;
T_10 ;
    %wait E_0x55980ee35d10;
    %load/vec4 v0x55980eee71e0_0;
    %flag_set/vec4 8;
    %jmp/0xz  T_10.0, 8;
    %load/vec4 v0x55980eee7100_0;
    %load/vec4 v0x55980eee6e30_0;
    %parti/s 30, 2, 3;
    %ix/vec4 3;
    %ix/load 4, 0, 0; Constant delay
    %assign/vec4/a/d v0x55980eee6bb0, 0, 4;
T_10.0 ;
    %jmp T_10;
    .thread T_10;
    .scope S_0x55980eebfd20;
T_11 ;
    %pushi/vec4 1, 0, 1;
    %assign/vec4 v0x55980eef4610_0, 0;
    %delay 22, 0;
    %pushi/vec4 0, 0, 1;
    %assign/vec4 v0x55980eef4610_0, 0;
    %end;
    .thread T_11;
    .scope S_0x55980eebfd20;
T_12 ;
    %pushi/vec4 1, 0, 1;
    %assign/vec4 v0x55980eef43f0_0, 0;
    %delay 5, 0;
    %load/vec4 v0x55980eef43f0_0;
    %inv;
    %store/vec4 v0x55980eef43f0_0, 0, 1;
    %vpi_call 3 22 "$monitor", "Clk: %h, reset: %h, pc: %h, instr: %h, writedata: %h, memwrite: %h, readdata: %h, dataadr: %h", v0x55980eef43f0_0, v0x55980eef4610_0, v0x55980eef3f50_0, v0x55980eef3d80_0, v0x55980eef4740_0, v0x55980eef4570_0, v0x55980eef40a0_0, v0x55980eef44b0_0 {0 0 0};
    %delay 5, 0;
    %jmp T_12;
    .thread T_12;
    .scope S_0x55980eebfd20;
T_13 ;
    %wait E_0x55980ee35a80;
    %load/vec4 v0x55980eef4570_0;
    %flag_set/vec4 8;
    %jmp/0xz  T_13.0, 8;
    %load/vec4 v0x55980eef44b0_0;
    %pushi/vec4 84, 0, 32;
    %cmp/e;
    %flag_get/vec4 6;
    %load/vec4 v0x55980eef4740_0;
    %pushi/vec4 7, 0, 32;
    %cmp/e;
    %flag_get/vec4 6;
    %and;
    %flag_set/vec4 8;
    %jmp/0xz  T_13.2, 8;
    %vpi_call 3 30 "$display" {0 0 0};
    %vpi_call 3 31 "$display", "Simulation succeeded" {0 0 0};
    %vpi_call 3 32 "$stop" {0 0 0};
    %jmp T_13.3;
T_13.2 ;
    %load/vec4 v0x55980eef44b0_0;
    %cmpi/ne 80, 0, 32;
    %jmp/0xz  T_13.4, 6;
    %vpi_call 3 34 "$display", "Simulation failed" {0 0 0};
    %vpi_call 3 35 "$stop" {0 0 0};
T_13.4 ;
T_13.3 ;
T_13.0 ;
    %jmp T_13;
    .thread T_13;
# The file index is used to find the file name in the following table.
:file_names 21;
    "N/A";
    "<interactive>";
    "flopenr.v";
    "mipstest.v";
    "mipstop.v";
    "dataMemory.v";
    "instructionMemory.v";
    "mips.v";
    "controler.v";
    "aludec.v";
    "maindec.v";
    "datapath.v";
    "alu.v";
    "alu_arithmetical.v";
    "alu_logical.v";
    "sll2.v";
    "adder.v";
    "mux2.v";
    "flopr.v";
    "regFile.v";
    "signext.v";
